#
# There is insufficient memory for the Java Runtime Environment to continue.
# Native memory allocation (malloc) failed to allocate 1036176 bytes for Chunk::new
# Possible reasons:
#   The system is out of physical RAM or swap space
#   In 32 bit mode, the process size limit was hit
# Possible solutions:
#   Reduce memory load on the system
#   Increase physical memory or swap space
#   Check if swap backing store is full
#   Use 64 bit Java on a 64 bit OS
#   Decrease Java heap size (-Xmx/-Xms)
#   Decrease number of Java threads
#   Decrease Java thread stack sizes (-Xss)
#   Set larger code cache with -XX:ReservedCodeCacheSize=
# This output file may be truncated or incomplete.
#
#  Out of Memory Error (allocation.cpp:390), pid=7676, tid=0x0000000000000f1c
#
# JRE version: Java(TM) SE Runtime Environment (8.0_131-b11) (build 1.8.0_131-b11)
# Java VM: Java HotSpot(TM) 64-Bit Server VM (25.131-b11 mixed mode windows-amd64 compressed oops)
# Failed to write core dump. Minidumps are not enabled by default on client versions of Windows
#

---------------  T H R E A D  ---------------

Current thread (0x0000000054a39800):  JavaThread "C2 CompilerThread0" daemon [_thread_in_native, id=3868, stack(0x0000000055d60000,0x0000000055e60000)]

Stack: [0x0000000055d60000,0x0000000055e60000]
[error occurred during error reporting (printing stack bounds), id 0xc0000005]

Native frames: (J=compiled Java code, j=interpreted, Vv=VM code, C=native code)


Current CompileTask:
C2:  15610 2818   !   4       java.lang.reflect.Executable::sharedToString (102 bytes)


---------------  P R O C E S S  ---------------

Java Threads: ( => current thread )
  0x0000000057851000 
[error occurred during error reporting (printing all threads), id 0xc0000005]

VM state:at safepoint (normal execution)

VM Mutex/Monitor currently owned by a thread:  ([mutex/lock_event])
[0x0000000001f0d040] Threads_lock - owner thread: 0x00000000549ce000
[0x0000000001f0d540] Heap_lock - owner thread: 0x000000005719c000

Heap:
 PSYoungGen      total 51712K, used 3007K [0x00000000eab00000, 0x00000000ee100000, 0x0000000100000000)
  eden space 48128K, 0% used [0x00000000eab00000,0x00000000eab00000,0x00000000eda00000)
  from space 3584K, 83% used [0x00000000eda00000,0x00000000edcefcd0,0x00000000edd80000)
  to   space 3584K, 0% used [0x00000000edd80000,0x00000000edd80000,0x00000000ee100000)
 ParOldGen       total 46080K, used 20774K [0x00000000c0000000, 0x00000000c2d00000, 0x00000000eab00000)
  object space 46080K, 45% used [0x00000000c0000000,0x00000000c1449ab8,0x00000000c2d00000)
 Metaspace       used 32749K, capacity 33274K, committed 33408K, reserved 1077248K
  class space    used 4607K, capacity 4734K, committed 4736K, reserved 1048576K

Card table byte_map: [0x0000000011810000,0x0000000011a20000] byte_map_base: 0x0000000011210000

Marking Bits: (ParMarkBitMap*) 0x0000000064b0c720
 Begin Bits: [0x0000000011ea0000, 0x0000000012ea0000)
 End Bits:   [0x0000000012ea0000, 0x0000000013ea0000)

Polling page: 0x0000000000210000

CodeCache: size=245760Kb used=9950Kb max_used=10012Kb free=235809Kb
 bounds [0x0000000002450000, 0x0000000002e20000, 0x0000000011450000]
 total_blobs=3486 nmethods=2787 adapters=610
 compilation: enabled

Compilation events (10 events):
Event: 15.418 Thread 0x0000000054a92000 2940       2       com.google.common.collect.Sets$ImprovedAbstractSet::<init> (5 bytes)
Event: 15.418 Thread 0x0000000054a92000 nmethod 2940 0x0000000002e1df50 code [0x0000000002e1e0a0, 0x0000000002e1e1f0]
Event: 15.420 Thread 0x0000000054a92000 2941       2       org.gradle.api.internal.AsmBackedClassGenerator$ClassBuilderImpl::addConventionProperty (25 bytes)
Event: 15.421 Thread 0x0000000054a92000 nmethod 2941 0x0000000002e1e290 code [0x0000000002e1e460, 0x0000000002e1e9c8]
Event: 15.421 Thread 0x0000000054a92000 2942       2       org.gradle.api.internal.AsmBackedClassGenerator$ClassBuilderImpl::applyConventionMappingToGetter (528 bytes)
Event: 15.429 Thread 0x0000000054a92000 

Event: 15.430 Thread 0x0000000054a92000 2943       2       java.lang.ClassLoader::addClass (9 bytes)
Event: 15.431 Thread 0x0000000054a92000 nmethod 2943 0x0000000002889250 code [0x00000000028893c0, 0x0000000002889548]
Event: 15.443 Thread 0x0000000054a92000 2944       2       com.google.common.collect.LinkedHashMultimap$ValueSet$1::hasNext (21 bytes)
Event: 15.444 Thread 0x0000000054a92000 nmethod 2944 0x00000000027171d0 code [0x0000000002717340, 0x0000000002717568]

GC Heap History (10 events):
Event: 10.270 GC heap after
Heap after GC invocations=6 (full 1):
 PSYoungGen      total 51712K, used 0K [0x00000000eab00000, 0x00000000ee100000, 0x0000000100000000)
  eden space 48128K, 0% used [0x00000000eab00000,0x00000000eab00000,0x00000000eda00000)
  from space 3584K, 0% used [0x00000000eda00000,0x00000000eda00000,0x00000000edd80000)
  to   space 3584K, 0% used [0x00000000edd80000,0x00000000edd80000,0x00000000ee100000)
 ParOldGen       total 46080K, used 9905K [0x00000000c0000000, 0x00000000c2d00000, 0x00000000eab00000)
  object space 46080K, 21% used [0x00000000c0000000,0x00000000c09ac588,0x00000000c2d00000)
 Metaspace       used 20717K, capacity 21066K, committed 21248K, reserved 1067008K
  class space    used 2883K, capacity 3000K, committed 3072K, reserved 1048576K
}
Event: 11.664 GC heap before
{Heap before GC invocations=7 (full 1):
 PSYoungGen      total 51712K, used 48128K [0x00000000eab00000, 0x00000000ee100000, 0x0000000100000000)
  eden space 48128K, 100% used [0x00000000eab00000,0x00000000eda00000,0x00000000eda00000)
  from space 3584K, 0% used [0x00000000eda00000,0x00000000eda00000,0x00000000edd80000)
  to   space 3584K, 0% used [0x00000000edd80000,0x00000000edd80000,0x00000000ee100000)
 ParOldGen       total 46080K, used 9905K [0x00000000c0000000, 0x00000000c2d00000, 0x00000000eab00000)
  object space 46080K, 21% used [0x00000000c0000000,0x00000000c09ac588,0x00000000c2d00000)
 Metaspace       used 26992K, capacity 27360K, committed 27648K, reserved 1073152K
  class space    used 3651K, capacity 3748K, committed 3840K, reserved 1048576K
Event: 11.780 GC heap after
Heap after GC invocations=7 (full 1):
 PSYoungGen      total 51712K, used 3557K [0x00000000eab00000, 0x00000000ee100000, 0x0000000100000000)
  eden space 48128K, 0% used [0x00000000eab00000,0x00000000eab00000,0x00000000eda00000)
  from space 3584K, 99% used [0x00000000edd80000,0x00000000ee0f95f0,0x00000000ee100000)
  to   space 3584K, 0% used [0x00000000eda00000,0x00000000eda00000,0x00000000edd80000)
 ParOldGen       total 46080K, used 12489K [0x00000000c0000000, 0x00000000c2d00000, 0x00000000eab00000)
  object space 46080K, 27% used [0x00000000c0000000,0x00000000c0c32658,0x00000000c2d00000)
 Metaspace       used 26992K, capacity 27360K, committed 27648K, reserved 1073152K
  class space    used 3651K, capacity 3748K, committed 3840K, reserved 1048576K
}
Event: 13.572 GC heap before
{Heap before GC invocations=8 (full 1):
 PSYoungGen      total 51712K, used 51685K [0x00000000eab00000, 0x00000000ee100000, 0x0000000100000000)
  eden space 48128K, 100% used [0x00000000eab00000,0x00000000eda00000,0x00000000eda00000)
  from space 3584K, 99% used [0x00000000edd80000,0x00000000ee0f95f0,0x00000000ee100000)
  to   space 3584K, 0% used [0x00000000eda00000,0x00000000eda00000,0x00000000edd80000)
 ParOldGen       total 46080K, used 12489K [0x00000000c0000000, 0x00000000c2d00000, 0x00000000eab00000)
  object space 46080K, 27% used [0x00000000c0000000,0x00000000c0c32658,0x00000000c2d00000)
 Metaspace       used 29595K, capacity 30102K, committed 30464K, reserved 1075200K
  class space    used 4142K, capacity 4277K, committed 4352K, reserved 1048576K
Event: 13.595 GC heap after
Heap after GC invocations=8 (full 1):
 PSYoungGen      total 51712K, used 3584K [0x00000000eab00000, 0x00000000ee100000, 0x0000000100000000)
  eden space 48128K, 0% used [0x00000000eab00000,0x00000000eab00000,0x00000000eda00000)
  from space 3584K, 100% used [0x00000000eda00000,0x00000000edd80000,0x00000000edd80000)
  to   space 3584K, 0% used [0x00000000edd80000,0x00000000edd80000,0x00000000ee100000)
 ParOldGen       total 46080K, used 16051K [0x00000000c0000000, 0x00000000c2d00000, 0x00000000eab00000)
  object space 46080K, 34% used [0x00000000c0000000,0x00000000c0face70,0x00000000c2d00000)
 Metaspace       used 29595K, capacity 30102K, committed 30464K, reserved 1075200K
  class space    used 4142K, capacity 4277K, committed 4352K, reserved 1048576K
}
Event: 15.212 GC heap before
{Heap before GC invocations=9 (full 1):
 PSYoungGen      total 51712K, used 51712K [0x00000000eab00000, 0x00000000ee100000, 0x0000000100000000)
  eden space 48128K, 100% used [0x00000000eab00000,0x00000000eda00000,0x00000000eda00000)
  from space 3584K, 100% used [0x00000000eda00000,0x00000000edd80000,0x00000000edd80000)
  to   space 3584K, 0% used [0x00000000edd80000,0x00000000edd80000,0x00000000ee100000)
 ParOldGen       total 46080K, used 16051K [0x00000000c0000000, 0x00000000c2d00000, 0x00000000eab00000)
  object space 46080K, 34% used [0x00000000c0000000,0x00000000c0face70,0x00000000c2d00000)
 Metaspace       used 32177K, capacity 32698K, committed 32896K, reserved 1077248K
  class space    used 4503K, capacity 4670K, committed 4736K, reserved 1048576K
Event: 15.260 GC heap after
Heap after GC invocations=9 (full 1):
 PSYoungGen      total 51712K, used 3584K [0x00000000eab00000, 0x00000000ee100000, 0x0000000100000000)
  eden space 48128K, 0% used [0x00000000eab00000,0x00000000eab00000,0x00000000eda00000)
  from space 3584K, 100% used [0x00000000edd80000,0x00000000ee100000,0x00000000ee100000)
  to   space 3584K, 0% used [0x00000000eda00000,0x00000000eda00000,0x00000000edd80000)
 ParOldGen       total 46080K, used 19438K [0x00000000c0000000, 0x00000000c2d00000, 0x00000000eab00000)
  object space 46080K, 42% used [0x00000000c0000000,0x00000000c12fbaa8,0x00000000c2d00000)
 Metaspace       used 32177K, capacity 32698K, committed 32896K, reserved 1077248K
  class space    used 4503K, capacity 4670K, committed 4736K, reserved 1048576K
}
Event: 15.474 GC heap before
{Heap before GC invocations=10 (full 1):
 PSYoungGen      total 51712K, used 11704K [0x00000000eab00000, 0x00000000ee100000, 0x0000000100000000)
  eden space 48128K, 16% used [0x00000000eab00000,0x00000000eb2ee1e8,0x00000000eda00000)
  from space 3584K, 100% used [0x00000000edd80000,0x00000000ee100000,0x00000000ee100000)
  to   space 3584K, 0% used [0x00000000eda00000,0x00000000eda00000,0x00000000edd80000)
 ParOldGen       total 46080K, used 19438K [0x00000000c0000000, 0x00000000c2d00000, 0x00000000eab00000)
  object space 46080K, 42% used [0x00000000c0000000,0x00000000c12fbaa8,0x00000000c2d00000)
 Metaspace       used 32749K, capacity 33274K, committed 33408K, reserved 1077248K
  class space    used 4607K, capacity 4734K, committed 4736K, reserved 1048576K
Event: 15.493 GC heap after
Heap after GC invocations=10 (full 1):
 PSYoungGen      total 51712K, used 3007K [0x00000000eab00000, 0x00000000ee100000, 0x0000000100000000)
  eden space 48128K, 0% used [0x00000000eab00000,0x00000000eab00000,0x00000000eda00000)
  from space 3584K, 83% used [0x00000000eda00000,0x00000000edcefcd0,0x00000000edd80000)
  to   space 3584K, 0% used [0x00000000edd80000,0x00000000edd80000,0x00000000ee100000)
 ParOldGen       total 46080K, used 20774K [0x00000000c0000000, 0x00000000c2d00000, 0x00000000eab00000)
  object space 46080K, 45% used [0x00000000c0000000,0x00000000c1449ab8,0x00000000c2d00000)
 Metaspace       used 32749K, capacity 33274K, committed 33408K, reserved 1077248K
  class space    used 4607K, capacity 4734K, committed 4736K, reserved 1048576K
}
Event: 15.494 GC heap before
{Heap before GC invocations=11 (full 2):
 PSYoungGen      total 51712K, used 3007K [0x00000000eab00000, 0x00000000ee100000, 0x0000000100000000)
  eden space 48128K, 0% used [0x00000000eab00000,0x00000000eab00000,0x00000000eda00000)
  from space 3584K, 83% used [0x00000000eda00000,0x00000000edcefcd0,0x00000000edd80000)
  to   space 3584K, 0% used [0x00000000edd80000,0x00000000edd80000,0x00000000ee100000)
 ParOldGen       total 46080K, used 20774K [0x00000000c0000000, 0x00000000c2d00000, 0x00000000eab00000)
  object space 46080K, 45% used [0x00000000c0000000,0x00000000c1449ab8,0x00000000c2d00000)
 Metaspace       used 32749K, capacity 33274K, committed 33408K, reserved 1077248K
  class space    used 4607K, capacity 4734K, committed 4736K, reserved 1048576K

Deoptimization events (10 events):
Event: 11.217 Thread 0x000000005719c000 Uncommon trap: reason=unstable_if action=reinterpret pc=0x0000000002866568 method=java.util.HashMap.putVal(ILjava/lang/Object;Ljava/lang/Object;ZZ)Ljava/lang/Object; @ 85
Event: 11.282 Thread 0x000000005719c000 Uncommon trap: reason=class_check action=maybe_recompile pc=0x0000000002597e30 method=java.lang.reflect.Method.equals(Ljava/lang/Object;)Z @ 5
Event: 11.287 Thread 0x000000005719c000 Uncommon trap: reason=class_check action=maybe_recompile pc=0x0000000002597e30 method=java.lang.reflect.Method.equals(Ljava/lang/Object;)Z @ 5
Event: 11.849 Thread 0x000000005719c000 Uncommon trap: reason=class_check action=maybe_recompile pc=0x00000000025fdd64 method=sun.misc.URLClassPath.getLoader(I)Lsun/misc/URLClassPath$Loader; @ 94
Event: 11.973 Thread 0x000000005719c000 Uncommon trap: reason=unstable_if action=reinterpret pc=0x0000000002866f0c method=java.lang.ref.ReferenceQueue.poll()Ljava/lang/ref/Reference; @ 4
Event: 11.997 Thread 0x000000005719c000 Uncommon trap: reason=unstable_if action=reinterpret pc=0x0000000002b7ade0 method=java.net.URLClassLoader.isSealed(Ljava/lang/String;Ljava/util/jar/Manifest;)Z @ 26
Event: 14.753 Thread 0x000000005719c000 Uncommon trap: reason=unstable_if action=reinterpret pc=0x0000000002cc6e8c method=java.util.HashMap.putVal(ILjava/lang/Object;Ljava/lang/Object;ZZ)Ljava/lang/Object; @ 162
Event: 14.753 Thread 0x000000005719c000 Uncommon trap: reason=unstable_if action=reinterpret pc=0x00000000026cb420 method=java.util.HashMap.resize()[Ljava/util/HashMap$Node; @ 206
Event: 15.025 Thread 0x000000005719c000 Uncommon trap: reason=unstable_if action=reinterpret pc=0x0000000002d6a590 method=java.lang.reflect.Modifier.toString(I)Ljava/lang/String; @ 123
Event: 15.025 Thread 0x000000005719c000 Uncommon trap: reason=unstable_if action=reinterpret pc=0x0000000002d88058 method=java.lang.reflect.Modifier.toString(I)Ljava/lang/String; @ 123

Internal exceptions (10 events):
Event: 12.758 Thread 0x000000005719c000 Exception <a 'java/lang/ClassNotFoundException': groovy/lang/GStringBeanInfo> (0x00000000ec6c8858) thrown at [C:\re\workspace\8-2-build-windows-amd64-cygwin\jdk8u131\8869\hotspot\src\share\vm\classfile\systemDictionary.cpp, line 210]
Event: 12.759 Thread 0x000000005719c000 Exception <a 'java/lang/ClassNotFoundException': groovy/lang/GStringCustomizer> (0x00000000ec6e18f0) thrown at [C:\re\workspace\8-2-build-windows-amd64-cygwin\jdk8u131\8869\hotspot\src\share\vm\classfile\systemDictionary.cpp, line 210]
Event: 12.761 Thread 0x000000005719c000 Exception <a 'java/lang/ClassNotFoundException': groovy/lang/GString$1Customizer> (0x00000000ec706da8) thrown at [C:\re\workspace\8-2-build-windows-amd64-cygwin\jdk8u131\8869\hotspot\src\share\vm\classfile\systemDictionary.cpp, line 210]
Event: 12.766 Thread 0x000000005719c000 Exception <a 'java/lang/ClassNotFoundException': org/codehaus/groovy/runtime/GStringImplBeanInfo> (0x00000000ec74f360) thrown at [C:\re\workspace\8-2-build-windows-amd64-cygwin\jdk8u131\8869\hotspot\src\share\vm\classfile\systemDictionary.cpp, line 210]
Event: 12.767 Thread 0x000000005719c000 Exception <a 'java/lang/ClassNotFoundException': org/codehaus/groovy/runtime/GStringImplCustomizer> (0x00000000ec76f8d8) thrown at [C:\re\workspace\8-2-build-windows-amd64-cygwin\jdk8u131\8869\hotspot\src\share\vm\classfile\systemDictionary.cpp, line 210]
Event: 13.893 Thread 0x000000005784c800 Exception <a 'java/lang/NoSuchMethodError': <clinit>> (0x00000000eb1ee150) thrown at [C:\re\workspace\8-2-build-windows-amd64-cygwin\jdk8u131\8869\hotspot\src\share\vm\prims\jni.cpp, line 1613]
Event: 13.940 Thread 0x000000005719c000 Exception <a 'java/lang/ClassNotFoundException': build_e5hpzn2okhv6g6xltn86c0u43BeanInfo> (0x00000000eb27dea8) thrown at [C:\re\workspace\8-2-build-windows-amd64-cygwin\jdk8u131\8869\hotspot\src\share\vm\classfile\systemDictionary.cpp, line 210]
Event: 13.941 Thread 0x000000005719c000 Exception <a 'java/lang/ClassNotFoundException': build_e5hpzn2okhv6g6xltn86c0u43Customizer> (0x00000000eb2871b8) thrown at [C:\re\workspace\8-2-build-windows-amd64-cygwin\jdk8u131\8869\hotspot\src\share\vm\classfile\systemDictionary.cpp, line 210]
Event: 13.966 Thread 0x000000005719c000 Exception <a 'java/lang/ClassNotFoundException': org/gradle/api/internal/plugins/DefaultObjectConfigurationActionBeanInfo> (0x00000000eb2e84e8) thrown at [C:\re\workspace\8-2-build-windows-amd64-cygwin\jdk8u131\8869\hotspot\src\share\vm\classfile\systemDi
Event: 13.968 Thread 0x000000005719c000 Exception <a 'java/lang/ClassNotFoundException': org/gradle/api/internal/plugins/DefaultObjectConfigurationActionCustomizer> (0x00000000eb3121d8) thrown at [C:\re\workspace\8-2-build-windows-amd64-cygwin\jdk8u131\8869\hotspot\src\share\vm\classfile\system

Events (10 events):
Event: 15.469 loading class org/gradle/api/tasks/AbstractCopyTask$1$5 done
Event: 15.469 loading class org/gradle/api/tasks/AbstractCopyTask$1$6
Event: 15.469 loading class org/gradle/api/tasks/AbstractCopyTask$1$6 done
Event: 15.470 loading class org/gradle/api/tasks/AbstractCopyTask$1$7
Event: 15.470 loading class org/gradle/api/tasks/AbstractCopyTask$1$7 done
Event: 15.471 loading class org/gradle/api/tasks/AbstractCopyTask$1$8
Event: 15.471 loading class org/gradle/api/tasks/AbstractCopyTask$1$8 done
Event: 15.473 loading class org/gradle/api/internal/project/taskfactory/DefaultTaskClassInfoStore$2
Event: 15.473 loading class org/gradle/api/internal/project/taskfactory/DefaultTaskClassInfoStore$2 done
Event: 15.473 Executing VM operation: CollectForMetadataAllocation


Dynamic libraries:
0x000000013f5a0000 - 0x000000013f5d7000 	C:\Program Files\Java\jdk1.8.0_131\bin\java.exe
0x0000000076e20000 - 0x0000000076fca000 	C:\Windows\SYSTEM32\ntdll.dll
0x0000000076d00000 - 0x0000000076e1f000 	C:\Windows\system32\kernel32.dll
0x000007fefcd80000 - 0x000007fefcdea000 	C:\Windows\system32\KERNELBASE.dll
0x000007fefea20000 - 0x000007fefeafb000 	C:\Windows\system32\ADVAPI32.dll
0x000007fefd5b0000 - 0x000007fefd64f000 	C:\Windows\system32\msvcrt.dll
0x000007fefe980000 - 0x000007fefe99f000 	C:\Windows\SYSTEM32\sechost.dll
0x000007fefef90000 - 0x000007feff0bd000 	C:\Windows\system32\RPCRT4.dll
0x0000000076c00000 - 0x0000000076cfa000 	C:\Windows\system32\USER32.dll
0x000007feff0c0000 - 0x000007feff127000 	C:\Windows\system32\GDI32.dll
0x000007fefef80000 - 0x000007fefef8e000 	C:\Windows\system32\LPK.dll
0x000007fefee30000 - 0x000007fefeefa000 	C:\Windows\system32\USP10.dll
0x000007fefb670000 - 0x000007fefb864000 	C:\Windows\WinSxS\amd64_microsoft.windows.common-controls_6595b64144ccf1df_6.0.7601.18837_none_fa3b1e3d17594757\COMCTL32.dll
0x000007fefd880000 - 0x000007fefd8f1000 	C:\Windows\system32\SHLWAPI.dll
0x000007fefef50000 - 0x000007fefef7e000 	C:\Windows\system32\IMM32.DLL
0x000007fefd440000 - 0x000007fefd549000 	C:\Windows\system32\MSCTF.dll
0x0000000065be0000 - 0x0000000065cb2000 	C:\Program Files\Java\jdk1.8.0_131\jre\bin\msvcr100.dll
0x00000000642f0000 - 0x0000000064b8c000 	C:\Program Files\Java\jdk1.8.0_131\jre\bin\server\jvm.dll
0x000007fef8b00000 - 0x000007fef8b09000 	C:\Windows\system32\WSOCK32.dll
0x000007fefef00000 - 0x000007fefef4d000 	C:\Windows\system32\WS2_32.dll
0x000007fefd7d0000 - 0x000007fefd7d8000 	C:\Windows\system32\NSI.dll
0x000007fefaa30000 - 0x000007fefaa6b000 	C:\Windows\system32\WINMM.dll
0x000007fefc270000 - 0x000007fefc27c000 	C:\Windows\system32\VERSION.dll
0x0000000076ff0000 - 0x0000000076ff7000 	C:\Windows\system32\PSAPI.DLL
0x000000006d040000 - 0x000000006d04f000 	C:\Program Files\Java\jdk1.8.0_131\jre\bin\verify.dll
0x00000000674c0000 - 0x00000000674e9000 	C:\Program Files\Java\jdk1.8.0_131\jre\bin\java.dll
0x000000006d020000 - 0x000000006d036000 	C:\Program Files\Java\jdk1.8.0_131\jre\bin\zip.dll
0x000007fefdbf0000 - 0x000007fefe97a000 	C:\Windows\system32\SHELL32.dll
0x000007fefd240000 - 0x000007fefd43c000 	C:\Windows\system32\ole32.dll
0x000007fefcb10000 - 0x000007fefcb1f000 	C:\Windows\system32\profapi.dll
0x000000006baa0000 - 0x000000006baba000 	C:\Program Files\Java\jdk1.8.0_131\jre\bin\net.dll
0x000007fefbfa0000 - 0x000007fefbff5000 	C:\Windows\system32\mswsock.dll
0x000007fefbf90000 - 0x000007fefbf97000 	C:\Windows\System32\wship6.dll
0x0000000067500000 - 0x0000000067511000 	C:\Program Files\Java\jdk1.8.0_131\jre\bin\nio.dll
0x000007fef4ce0000 - 0x000007fef4cfe000 	C:\Users\Anton\.gradle\native\25\windows-amd64\native-platform.dll
0x000007fefc000000 - 0x000007fefc018000 	C:\Windows\system32\CRYPTSP.dll
0x000007fefbd00000 - 0x000007fefbd47000 	C:\Windows\system32\rsaenh.dll
0x000007fefce10000 - 0x000007fefce2e000 	C:\Windows\system32\USERENV.dll
0x000007fefc910000 - 0x000007fefc91f000 	C:\Windows\system32\CRYPTBASE.dll
0x000007fefa3c0000 - 0x000007fefa3e7000 	C:\Windows\system32\IPHLPAPI.DLL
0x000007fefa380000 - 0x000007fefa38b000 	C:\Windows\system32\WINNSI.DLL
0x000007fef9ff0000 - 0x000007fefa008000 	C:\Windows\system32\dhcpcsvc.DLL
0x000007fef9fd0000 - 0x000007fef9fe1000 	C:\Windows\system32\dhcpcsvc6.DLL
0x000000006be40000 - 0x000000006be4d000 	C:\Program Files\Java\jdk1.8.0_131\jre\bin\management.dll

VM Arguments:
jvm_args: -XX:MaxPermSize=256m -XX:+HeapDumpOnOutOfMemoryError -Xmx1024m -Dfile.encoding=windows-1251 -Duser.country=RU -Duser.language=ru -Duser.variant 
java_command: org.gradle.launcher.daemon.bootstrap.GradleDaemon 3.5.1
java_class_path (initial): C:\Users\Anton\.gradle\wrapper\dists\gradle-3.5.1-bin\5aglzaqc99i3lll5iwkbm96su\gradle-3.5.1\lib\gradle-launcher-3.5.1.jar
Launcher Type: SUN_STANDARD

Environment Variables:
JAVA_HOME=C:\Program Files\Java\jdk1.8.0_131
PATH=C:\ProgramData\Oracle\Java\javapath;C:\Windows\system32;C:\Windows;C:\Windows\System32\Wbem;C:\Windows\System32\WindowsPowerShell\v1.0\;C:\Program Files (x86)\ATI Technologies\ATI.ACE\Core-Static;C:\Program Files (x86)\Brackets\command;C:\Program Files\nodejs\;C:\Program Files\Git\cmd;C:\Gradle\gradle-4.0\bin;C:\Users\Anton\AppData\Local\Programs\Python\Python36\Scripts\;C:\Users\Anton\AppData\Local\Programs\Python\Python36\;C:\Users\Anton\AppData\Roaming\npm;C:\Program Files\Java\jdk1.8.0_131\bin
USERNAME=Anton
OS=Windows_NT
PROCESSOR_IDENTIFIER=AMD64 Family 16 Model 6 Stepping 3, AuthenticAMD



---------------  S Y S T E M  ---------------

OS: Windows 7 , 64 bit Build 7601 (6.1.7601.23714)

CPU:total 2 (initial active 2) (2 cores per cpu, 1 threads per core) family 16 model 6 stepping 3, cmov, cx8, fxsr, mmx, sse, sse2, sse3, popcnt, mmxext, 3dnowpref, lzcnt, tsc, tscinvbit, tscinv

Memory: 4k page, physical 6024088k(831748k free), swap 6153300k(5124k free)

vm_info: Java HotSpot(TM) 64-Bit Server VM (25.131-b11) for windows-amd64 JRE (1.8.0_131-b11), built on Mar 15 2017 01:23:53 by "java_re" with MS VC++ 10.0 (VS2010)

time: Thu Jul 20 16:02:41 2017
elapsed time: 15 seconds (0d 0h 0m 15s)

