#
# There is insufficient memory for the Java Runtime Environment to continue.
# Native memory allocation (malloc) failed to allocate 888416 bytes for Chunk::new
# Possible reasons:
#   The system is out of physical RAM or swap space
#   In 32 bit mode, the process size limit was hit
# Possible solutions:
#   Reduce memory load on the system
#   Increase physical memory or swap space
#   Check if swap backing store is full
#   Use 64 bit Java on a 64 bit OS
#   Decrease Java heap size (-Xmx/-Xms)
#   Decrease number of Java threads
#   Decrease Java thread stack sizes (-Xss)
#   Set larger code cache with -XX:ReservedCodeCacheSize=
# This output file may be truncated or incomplete.
#
#  Out of Memory Error (allocation.cpp:390), pid=6884, tid=0x00000000000007d8
#
# JRE version: Java(TM) SE Runtime Environment (8.0_131-b11) (build 1.8.0_131-b11)
# Java VM: Java HotSpot(TM) 64-Bit Server VM (25.131-b11 mixed mode windows-amd64 compressed oops)
# Failed to write core dump. Minidumps are not enabled by default on client versions of Windows
#

---------------  T H R E A D  ---------------

Current thread (0x00000000558ff800):  JavaThread "C2 CompilerThread0" daemon [_thread_in_native, id=2008, stack(0x00000000568b0000,0x00000000569b0000)]

Stack: [0x00000000568b0000,0x00000000569b0000]
[error occurred during error reporting (printing stack bounds), id 0xc0000005]

Native frames: (J=compiled Java code, j=interpreted, Vv=VM code, C=native code)


Current CompileTask:
C2:  39192 4096   !   4       org.springframework.util.ReflectionUtils::doWithMethods (176 bytes)


---------------  P R O C E S S  ---------------

Java Threads: ( => current thread )
  0x000000005a957000 JavaThread "Tomcat JDBC Pool Cleaner[1943105171:1500628057516]" daemon [_thread_blocked, id=6592, stack(0x000000005bce0000,0x000000005bde0000)]
  0x000000005859c000 JavaThread "container-0" [_thread_blocked, id=6340, stack(0x000000005bba0000,0x000000005bca0000)]
  0x0000000058ac4800 JavaThread "ContainerBackgroundProcessor[StandardEngine[Tomcat]]" daemon [_thread_blocked, id=6736, stack(0x000000005b9f0000,0x000000005baf0000)]
  0x0000000056e92800 JavaThread "Service Thread" daemon [_thread_blocked, id=6716, stack(0x0000000057320000,0x0000000057420000)]
  0x000000005595b800 JavaThread "C1 CompilerThread1" daemon [_thread_blocked, id=4204, stack(0x0000000056d90000,0x0000000056e90000)]
=>0x00000000558ff800 JavaThread "C2 CompilerThread0" daemon [_thread_in_native, id=2008, stack(0x00000000568b0000,0x00000000569b0000)]
  0x00000000558fe000 JavaThread "Attach Listener" daemon [_thread_blocked, id=6672, stack(0x0000000056c10000,0x0000000056d10000)]
  0x00000000558fc800 JavaThread "Signal Dispatcher" daemon [_thread_blocked, id=6124, stack(0x0000000056a00000,0x0000000056b00000)]
  0x00000000558e3800 JavaThread "Finalizer" daemon [_thread_blocked, id=6464, stack(0x0000000056780000,0x0000000056880000)]
  0x000000005589a000 JavaThread "Reference Handler" daemon [_thread_blocked, id=3248, stack(0x0000000056350000,0x0000000056450000)]
  0x0000000001e12800 JavaThread "main" [_thread_in_vm, id=5836, stack(0x00000000020d0000,0x00000000021d0000)]

Other Threads:
  0x0000000055891800 VMThread [stack: 0x0000000056490000,0x0000000056590000] [id=3876]
  0x0000000056ebd000 WatcherThread [stack: 0x00000000575b0000,0x00000000576b0000] [id=3412]

VM state:not at safepoint (normal execution)

VM Mutex/Monitor currently owned by a thread: None

Heap:
 PSYoungGen      total 213504K, used 40134K [0x00000000e1580000, 0x00000000f6300000, 0x0000000100000000)
  eden space 196608K, 11% used [0x00000000e1580000,0x00000000e2c36a60,0x00000000ed580000)
  from space 16896K, 99% used [0x00000000ee900000,0x00000000ef97af20,0x00000000ef980000)
  to   space 19968K, 0% used [0x00000000ed580000,0x00000000ed580000,0x00000000ee900000)
 ParOldGen       total 85504K, used 23877K [0x00000000a4000000, 0x00000000a9380000, 0x00000000e1580000)
  object space 85504K, 27% used [0x00000000a4000000,0x00000000a57517b0,0x00000000a9380000)
 Metaspace       used 46491K, capacity 46920K, committed 47144K, reserved 1089536K
  class space    used 5981K, capacity 6109K, committed 6184K, reserved 1048576K

Card table byte_map: [0x0000000011860000,0x0000000011b50000] byte_map_base: 0x0000000011340000

Marking Bits: (ParMarkBitMap*) 0x0000000060d5c720
 Begin Bits: [0x0000000011e80000, 0x0000000013580000)
 End Bits:   [0x0000000013580000, 0x0000000014c80000)

Polling page: 0x0000000000110000

CodeCache: size=245760Kb used=13281Kb max_used=13297Kb free=232478Kb
 bounds [0x00000000024a0000, 0x00000000031c0000, 0x00000000114a0000]
 total_blobs=4401 nmethods=3903 adapters=410
 compilation: enabled

Compilation events (10 events):
Event: 39.167 Thread 0x000000005595b800 4386   !   2       org.springframework.core.annotation.AnnotationUtils::getAnnotation (78 bytes)
Event: 39.168 Thread 0x000000005595b800 nmethod 4386 0x000000000287ded0 code [0x000000000287e0c0, 0x000000000287e578]
Event: 39.172 Thread 0x000000005595b800 4388       2       org.springframework.beans.factory.support.DefaultSingletonBeanRegistry::beforeSingletonCreation (36 bytes)
Event: 39.173 Thread 0x000000005595b800 nmethod 4388 0x0000000002af76d0 code [0x0000000002af7860, 0x0000000002af7ae8]
Event: 39.177 Thread 0x000000005595b800 4389       2       org.springframework.boot.context.embedded.WebApplicationContextServletContextAwareProcessor::getServletConfig (23 bytes)
Event: 39.178 Thread 0x000000005595b800 nmethod 4389 0x000000000287db50 code [0x000000000287dcc0, 0x000000000287de48]
Event: 39.178 Thread 0x000000005595b800 4390       2       org.springframework.beans.propertyeditors.ClassEditor::<init> (20 bytes)
Event: 39.179 Thread 0x000000005595b800 nmethod 4390 0x00000000026d4850 code [0x00000000026d49c0, 0x00000000026d4b88]
Event: 39.179 Thread 0x000000005595b800 4391       2       org.springframework.beans.propertyeditors.ClassArrayEditor::<init> (20 bytes)
Event: 39.179 Thread 0x000000005595b800 nmethod 4391 0x00000000026d4410 code [0x00000000026d4580, 0x00000000026d4748]

GC Heap History (10 events):
Event: 13.225 GC heap before
{Heap before GC invocations=6 (full 1):
 PSYoungGen      total 99840K, used 3571K [0x00000000e1580000, 0x00000000ee480000, 0x0000000100000000)
  eden space 96256K, 0% used [0x00000000e1580000,0x00000000e1580000,0x00000000e7380000)
  from space 3584K, 99% used [0x00000000e7380000,0x00000000e76fce08,0x00000000e7700000)
  to   space 9728K, 0% used [0x00000000edb00000,0x00000000edb00000,0x00000000ee480000)
 ParOldGen       total 62976K, used 12965K [0x00000000a4000000, 0x00000000a7d80000, 0x00000000e1580000)
  object space 62976K, 20% used [0x00000000a4000000,0x00000000a4ca9498,0x00000000a7d80000)
 Metaspace       used 20911K, capacity 21154K, committed 21296K, reserved 1069056K
  class space    used 2550K, capacity 2640K, committed 2688K, reserved 1048576K
Event: 13.693 GC heap after
Heap after GC invocations=6 (full 1):
 PSYoungGen      total 99840K, used 0K [0x00000000e1580000, 0x00000000ee480000, 0x0000000100000000)
  eden space 96256K, 0% used [0x00000000e1580000,0x00000000e1580000,0x00000000e7380000)
  from space 3584K, 0% used [0x00000000e7380000,0x00000000e7380000,0x00000000e7700000)
  to   space 9728K, 0% used [0x00000000edb00000,0x00000000edb00000,0x00000000ee480000)
 ParOldGen       total 52736K, used 10171K [0x00000000a4000000, 0x00000000a7380000, 0x00000000e1580000)
  object space 52736K, 19% used [0x00000000a4000000,0x00000000a49eee80,0x00000000a7380000)
 Metaspace       used 20911K, capacity 21154K, committed 21296K, reserved 1069056K
  class space    used 2550K, capacity 2640K, committed 2688K, reserved 1048576K
}
Event: 22.096 GC heap before
{Heap before GC invocations=7 (full 1):
 PSYoungGen      total 99840K, used 96256K [0x00000000e1580000, 0x00000000ee480000, 0x0000000100000000)
  eden space 96256K, 100% used [0x00000000e1580000,0x00000000e7380000,0x00000000e7380000)
  from space 3584K, 0% used [0x00000000e7380000,0x00000000e7380000,0x00000000e7700000)
  to   space 9728K, 0% used [0x00000000edb00000,0x00000000edb00000,0x00000000ee480000)
 ParOldGen       total 52736K, used 10171K [0x00000000a4000000, 0x00000000a7380000, 0x00000000e1580000)
  object space 52736K, 19% used [0x00000000a4000000,0x00000000a49eee80,0x00000000a7380000)
 Metaspace       used 27373K, capacity 27720K, committed 27904K, reserved 1073152K
  class space    used 3395K, capacity 3489K, committed 3584K, reserved 1048576K
Event: 22.140 GC heap after
Heap after GC invocations=7 (full 1):
 PSYoungGen      total 148480K, used 9708K [0x00000000e1580000, 0x00000000ee480000, 0x0000000100000000)
  eden space 138752K, 0% used [0x00000000e1580000,0x00000000e1580000,0x00000000e9d00000)
  from space 9728K, 99% used [0x00000000edb00000,0x00000000ee47b280,0x00000000ee480000)
  to   space 12288K, 0% used [0x00000000ecc80000,0x00000000ecc80000,0x00000000ed880000)
 ParOldGen       total 52736K, used 12400K [0x00000000a4000000, 0x00000000a7380000, 0x00000000e1580000)
  object space 52736K, 23% used [0x00000000a4000000,0x00000000a4c1c3e0,0x00000000a7380000)
 Metaspace       used 27373K, capacity 27720K, committed 27904K, reserved 1073152K
  class space    used 3395K, capacity 3489K, committed 3584K, reserved 1048576K
}
Event: 29.392 GC heap before
{Heap before GC invocations=8 (full 1):
 PSYoungGen      total 148480K, used 148283K [0x00000000e1580000, 0x00000000ee480000, 0x0000000100000000)
  eden space 138752K, 99% used [0x00000000e1580000,0x00000000e9cd3b70,0x00000000e9d00000)
  from space 9728K, 99% used [0x00000000edb00000,0x00000000ee47b280,0x00000000ee480000)
  to   space 12288K, 0% used [0x00000000ecc80000,0x00000000ecc80000,0x00000000ed880000)
 ParOldGen       total 52736K, used 12400K [0x00000000a4000000, 0x00000000a7380000, 0x00000000e1580000)
  object space 52736K, 23% used [0x00000000a4000000,0x00000000a4c1c3e0,0x00000000a7380000)
 Metaspace       used 35044K, capacity 35372K, committed 35496K, reserved 1081344K
  class space    used 4422K, capacity 4519K, committed 4520K, reserved 1048576K
Event: 29.578 GC heap after
Heap after GC invocations=8 (full 1):
 PSYoungGen      total 199680K, used 12285K [0x00000000e1580000, 0x00000000ef980000, 0x0000000100000000)
  eden space 187392K, 0% used [0x00000000e1580000,0x00000000e1580000,0x00000000ecc80000)
  from space 12288K, 99% used [0x00000000ecc80000,0x00000000ed87f658,0x00000000ed880000)
  to   space 16896K, 0% used [0x00000000ee900000,0x00000000ee900000,0x00000000ef980000)
 ParOldGen       total 52736K, used 17596K [0x00000000a4000000, 0x00000000a7380000, 0x00000000e1580000)
  object space 52736K, 33% used [0x00000000a4000000,0x00000000a512f1e8,0x00000000a7380000)
 Metaspace       used 35044K, capacity 35372K, committed 35496K, reserved 1081344K
  class space    used 4422K, capacity 4519K, committed 4520K, reserved 1048576K
}
Event: 29.578 GC heap before
{Heap before GC invocations=9 (full 2):
 PSYoungGen      total 199680K, used 12285K [0x00000000e1580000, 0x00000000ef980000, 0x0000000100000000)
  eden space 187392K, 0% used [0x00000000e1580000,0x00000000e1580000,0x00000000ecc80000)
  from space 12288K, 99% used [0x00000000ecc80000,0x00000000ed87f658,0x00000000ed880000)
  to   space 16896K, 0% used [0x00000000ee900000,0x00000000ee900000,0x00000000ef980000)
 ParOldGen       total 52736K, used 17596K [0x00000000a4000000, 0x00000000a7380000, 0x00000000e1580000)
  object space 52736K, 33% used [0x00000000a4000000,0x00000000a512f1e8,0x00000000a7380000)
 Metaspace       used 35044K, capacity 35372K, committed 35496K, reserved 1081344K
  class space    used 4422K, capacity 4519K, committed 4520K, reserved 1048576K
Event: 29.922 GC heap after
Heap after GC invocations=9 (full 2):
 PSYoungGen      total 199680K, used 0K [0x00000000e1580000, 0x00000000ef980000, 0x0000000100000000)
  eden space 187392K, 0% used [0x00000000e1580000,0x00000000e1580000,0x00000000ecc80000)
  from space 12288K, 0% used [0x00000000ecc80000,0x00000000ecc80000,0x00000000ed880000)
  to   space 16896K, 0% used [0x00000000ee900000,0x00000000ee900000,0x00000000ef980000)
 ParOldGen       total 85504K, used 23517K [0x00000000a4000000, 0x00000000a9380000, 0x00000000e1580000)
  object space 85504K, 27% used [0x00000000a4000000,0x00000000a56f75c8,0x00000000a9380000)
 Metaspace       used 35044K, capacity 35372K, committed 35496K, reserved 1081344K
  class space    used 4422K, capacity 4519K, committed 4520K, reserved 1048576K
}
Event: 37.732 GC heap before
{Heap before GC invocations=10 (full 2):
 PSYoungGen      total 199680K, used 187392K [0x00000000e1580000, 0x00000000ef980000, 0x0000000100000000)
  eden space 187392K, 100% used [0x00000000e1580000,0x00000000ecc80000,0x00000000ecc80000)
  from space 12288K, 0% used [0x00000000ecc80000,0x00000000ecc80000,0x00000000ed880000)
  to   space 16896K, 0% used [0x00000000ee900000,0x00000000ee900000,0x00000000ef980000)
 ParOldGen       total 85504K, used 23517K [0x00000000a4000000, 0x00000000a9380000, 0x00000000e1580000)
  object space 85504K, 27% used [0x00000000a4000000,0x00000000a56f75c8,0x00000000a9380000)
 Metaspace       used 46137K, capacity 46530K, committed 46760K, reserved 1089536K
  class space    used 5938K, capacity 6044K, committed 6056K, reserved 1048576K
Event: 38.563 GC heap after
Heap after GC invocations=10 (full 2):
 PSYoungGen      total 213504K, used 16875K [0x00000000e1580000, 0x00000000f6300000, 0x0000000100000000)
  eden space 196608K, 0% used [0x00000000e1580000,0x00000000e1580000,0x00000000ed580000)
  from space 16896K, 99% used [0x00000000ee900000,0x00000000ef97af20,0x00000000ef980000)
  to   space 19968K, 0% used [0x00000000ed580000,0x00000000ed580000,0x00000000ee900000)
 ParOldGen       total 85504K, used 23877K [0x00000000a4000000, 0x00000000a9380000, 0x00000000e1580000)
  object space 85504K, 27% used [0x00000000a4000000,0x00000000a57517b0,0x00000000a9380000)
 Metaspace       used 46137K, capacity 46530K, committed 46760K, reserved 1089536K
  class space    used 5938K, capacity 6044K, committed 6056K, reserved 1048576K
}

Deoptimization events (10 events):
Event: 35.625 Thread 0x0000000001e12800 Uncommon trap: reason=unstable_if action=reinterpret pc=0x0000000002e2e0dc method=org.springframework.boot.bind.DefaultPropertyNamePatternsMatcher.matches(Ljava/lang/String;)Z @ 112
Event: 35.842 Thread 0x0000000001e12800 Uncommon trap: reason=unstable_if action=reinterpret pc=0x000000000287976c method=java.util.WeakHashMap.put(Ljava/lang/Object;Ljava/lang/Object;)Ljava/lang/Object; @ 47
Event: 36.054 Thread 0x0000000001e12800 Uncommon trap: reason=unstable_if action=reinterpret pc=0x0000000002ed00cc method=java.util.concurrent.ConcurrentHashMap.putVal(Ljava/lang/Object;Ljava/lang/Object;Z)Ljava/lang/Object; @ 331
Event: 36.055 Thread 0x0000000001e12800 Uncommon trap: reason=unstable_if action=reinterpret pc=0x0000000002e279b0 method=java.util.concurrent.ConcurrentHashMap.get(Ljava/lang/Object;)Ljava/lang/Object; @ 86
Event: 36.811 Thread 0x0000000001e12800 Uncommon trap: reason=class_check action=maybe_recompile pc=0x0000000002e389e0 method=org.springframework.asm.ClassReader.readCode(Lorg/springframework/asm/MethodVisitor;Lorg/springframework/asm/Context;I)V @ 2757
Event: 36.899 Thread 0x0000000001e12800 Uncommon trap: reason=unstable_if action=reinterpret pc=0x0000000002d33dcc method=java.util.concurrent.ConcurrentHashMap.transfer([Ljava/util/concurrent/ConcurrentHashMap$Node;[Ljava/util/concurrent/ConcurrentHashMap$Node;)V @ 356
Event: 37.025 Thread 0x0000000001e12800 Uncommon trap: reason=unstable_if action=reinterpret pc=0x000000000274f224 method=org.springframework.asm.Frame.merge(Lorg/springframework/asm/ClassWriter;I[II)Z @ 80
Event: 37.043 Thread 0x0000000001e12800 Uncommon trap: reason=unstable_if action=reinterpret pc=0x0000000002d2fa74 method=org.springframework.asm.Type.getDescriptor(Ljava/lang/StringBuilder;Ljava/lang/Class;)V @ 39
Event: 37.251 Thread 0x0000000001e12800 Uncommon trap: reason=bimorphic action=maybe_recompile pc=0x0000000002bf28a8 method=java.util.regex.Matcher.match(II)Z @ 86
Event: 39.055 Thread 0x0000000001e12800 Uncommon trap: reason=unstable_if action=reinterpret pc=0x0000000002aebaec method=java.io.WinNTFileSystem.isLetter(C)Z @ 3

Internal exceptions (10 events):
Event: 39.163 Thread 0x0000000001e12800 Exception <a 'java/lang/ClassNotFoundException': java/lang/ObjectCustomizer> (0x00000000e27afcc8) thrown at [C:\re\workspace\8-2-build-windows-amd64-cygwin\jdk8u131\8869\hotspot\src\share\vm\classfile\systemDictionary.cpp, line 210]
Event: 39.164 Thread 0x0000000001e12800 Exception <a 'java/lang/ClassNotFoundException': org/springframework/boot/autoconfigure/transaction/jta/JtaAutoConfigurationCustomizer> (0x00000000e27cc680) thrown at [C:\re\workspace\8-2-build-windows-amd64-cygwin\jdk8u131\8869\hotspot\src\share\vm\class
Event: 39.166 Thread 0x0000000001e12800 Exception <a 'java/lang/ClassNotFoundException': java/lang/ObjectCustomizer> (0x00000000e27db7c0) thrown at [C:\re\workspace\8-2-build-windows-amd64-cygwin\jdk8u131\8869\hotspot\src\share\vm\classfile\systemDictionary.cpp, line 210]
Event: 39.167 Thread 0x0000000001e12800 Exception <a 'java/lang/ClassNotFoundException': org/springframework/boot/autoconfigure/transaction/jta/JtaPropertiesCustomizer> (0x00000000e27f6750) thrown at [C:\re\workspace\8-2-build-windows-amd64-cygwin\jdk8u131\8869\hotspot\src\share\vm\classfile\sy
Event: 39.174 Thread 0x0000000001e12800 Exception <a 'java/lang/ClassNotFoundException': java/lang/ObjectCustomizer> (0x00000000e282d8c0) thrown at [C:\re\workspace\8-2-build-windows-amd64-cygwin\jdk8u131\8869\hotspot\src\share\vm\classfile\systemDictionary.cpp, line 210]
Event: 39.175 Thread 0x0000000001e12800 Exception <a 'java/lang/ClassNotFoundException': org/springframework/boot/autoconfigure/jdbc/DataSourceAutoConfiguration$PooledDataSourceConfigurationCustomizer> (0x00000000e284f688) thrown at [C:\re\workspace\8-2-build-windows-amd64-cygwin\jdk8u131\8869\
Event: 39.176 Thread 0x0000000001e12800 Exception <a 'java/lang/ClassNotFoundException': org/springframework/boot/autoconfigure/jdbc/DataSourceAutoConfiguration$PooledDataSourceConfiguration$$EnhancerBySpringCGLIB$$dfa9c5b0Customizer> (0x00000000e2875bc8) thrown at [C:\re\workspace\8-2-build-wi
Event: 39.177 Thread 0x0000000001e12800 Exception <a 'java/lang/ClassNotFoundException': org/springframework/context/annotation/ConfigurationClassEnhancer$EnhancedConfigurationCustomizer> (0x00000000e28971b8) thrown at [C:\re\workspace\8-2-build-windows-amd64-cygwin\jdk8u131\8869\hotspot\src\sh
Event: 39.179 Thread 0x0000000001e12800 Exception <a 'java/lang/ClassNotFoundException': java/lang/ObjectCustomizer> (0x00000000e28a9888) thrown at [C:\re\workspace\8-2-build-windows-amd64-cygwin\jdk8u131\8869\hotspot\src\share\vm\classfile\systemDictionary.cpp, line 210]
Event: 39.180 Thread 0x0000000001e12800 Exception <a 'java/lang/ClassNotFoundException': org/springframework/boot/autoconfigure/jdbc/metadata/DataSourcePoolMetadataProvidersConfiguration$TomcatDataSourcePoolMetadataProviderConfigurationCustomizer> (0x00000000e28d5020) thrown at [C:\re\workspace

Events (10 events):
Event: 39.180 loading class org/springframework/boot/autoconfigure/jdbc/metadata/DataSourcePoolMetadataProvidersConfiguration$TomcatDataSourcePoolMetadataProviderConfigurationCustomizer
Event: 39.180 loading class org/springframework/boot/autoconfigure/jdbc/metadata/DataSourcePoolMetadataProvidersConfiguration$TomcatDataSourcePoolMetadataProviderConfigurationCustomizer done
Event: 39.180 loading class org/springframework/boot/autoconfigure/jdbc/metadata/DataSourcePoolMetadataProvidersConfiguration$TomcatDataSourcePoolMetadataProviderConfigurationCustomizer
Event: 39.180 loading class org/springframework/boot/autoconfigure/jdbc/metadata/DataSourcePoolMetadataProvidersConfiguration$TomcatDataSourcePoolMetadataProviderConfigurationCustomizer done
Event: 39.181 loading class org/springframework/boot/autoconfigure/jdbc/metadata/DataSourcePoolMetadataProvidersConfiguration$TomcatDataSourcePoolMetadataProviderConfiguration$$EnhancerBySpringCGLIB$$c06bc2ecCustomizer
Event: 39.181 loading class org/springframework/boot/autoconfigure/jdbc/metadata/DataSourcePoolMetadataProvidersConfiguration$TomcatDataSourcePoolMetadataProviderConfiguration$$EnhancerBySpringCGLIB$$c06bc2ecCustomizer done
Event: 39.181 Thread 0x0000000001e12800 DEOPT PACKING pc=0x0000000002c4a845 sp=0x00000000021ccbf0
Event: 39.181 Thread 0x0000000001e12800 DEOPT UNPACKING pc=0x00000000024e747f sp=0x00000000021cc940 mode 0
Event: 39.181 loading class org/springframework/boot/autoconfigure/jdbc/metadata/DataSourcePoolMetadataProvidersConfiguration$TomcatDataSourcePoolMetadataProviderConfiguration$$EnhancerBySpringCGLIB$$c06bc2ecCustomizer
Event: 39.181 loading class org/springframework/boot/autoconfigure/jdbc/metadata/DataSourcePoolMetadataProvidersConfiguration$TomcatDataSourcePoolMetadataProviderConfiguration$$EnhancerBySpringCGLIB$$c06bc2ecCustomizer done


Dynamic libraries:
0x000000013ff80000 - 0x000000013ffb7000 	C:\Program Files\Java\jdk1.8.0_131\bin\java.exe
0x0000000076f20000 - 0x00000000770ca000 	C:\Windows\SYSTEM32\ntdll.dll
0x0000000076d00000 - 0x0000000076e1f000 	C:\Windows\system32\kernel32.dll
0x000007fefcd70000 - 0x000007fefcdda000 	C:\Windows\system32\KERNELBASE.dll
0x000007feff150000 - 0x000007feff22b000 	C:\Windows\system32\ADVAPI32.dll
0x000007fefdc80000 - 0x000007fefdd1f000 	C:\Windows\system32\msvcrt.dll
0x000007fefdc60000 - 0x000007fefdc7f000 	C:\Windows\SYSTEM32\sechost.dll
0x000007fefd860000 - 0x000007fefd98d000 	C:\Windows\system32\RPCRT4.dll
0x0000000076e20000 - 0x0000000076f1a000 	C:\Windows\system32\USER32.dll
0x000007fefdb70000 - 0x000007fefdbd7000 	C:\Windows\system32\GDI32.dll
0x000007fefdf70000 - 0x000007fefdf7e000 	C:\Windows\system32\LPK.dll
0x000007fefd080000 - 0x000007fefd14a000 	C:\Windows\system32\USP10.dll
0x000007fefb770000 - 0x000007fefb964000 	C:\Windows\WinSxS\amd64_microsoft.windows.common-controls_6595b64144ccf1df_6.0.7601.18837_none_fa3b1e3d17594757\COMCTL32.dll
0x000007fefdbe0000 - 0x000007fefdc51000 	C:\Windows\system32\SHLWAPI.dll
0x000007fefd7b0000 - 0x000007fefd7de000 	C:\Windows\system32\IMM32.DLL
0x000007fefde60000 - 0x000007fefdf69000 	C:\Windows\system32\MSCTF.dll
0x0000000073550000 - 0x0000000073622000 	C:\Program Files\Java\jdk1.8.0_131\jre\bin\msvcr100.dll
0x0000000060540000 - 0x0000000060ddc000 	C:\Program Files\Java\jdk1.8.0_131\jre\bin\server\jvm.dll
0x000007fef8c00000 - 0x000007fef8c09000 	C:\Windows\system32\WSOCK32.dll
0x000007fefdf80000 - 0x000007fefdfcd000 	C:\Windows\system32\WS2_32.dll
0x000007fefcfd0000 - 0x000007fefcfd8000 	C:\Windows\system32\NSI.dll
0x000007fefaab0000 - 0x000007fefaaeb000 	C:\Windows\system32\WINMM.dll
0x000007fefc400000 - 0x000007fefc40c000 	C:\Windows\system32\VERSION.dll
0x00000000770f0000 - 0x00000000770f7000 	C:\Windows\system32\PSAPI.DLL
0x0000000074960000 - 0x000000007496f000 	C:\Program Files\Java\jdk1.8.0_131\jre\bin\verify.dll
0x0000000073520000 - 0x0000000073549000 	C:\Program Files\Java\jdk1.8.0_131\jre\bin\java.dll
0x00000000744d0000 - 0x00000000744e6000 	C:\Program Files\Java\jdk1.8.0_131\jre\bin\zip.dll
0x000007fefe3c0000 - 0x000007feff14a000 	C:\Windows\system32\SHELL32.dll
0x000007fefd5b0000 - 0x000007fefd7ac000 	C:\Windows\system32\ole32.dll
0x000007fefcc20000 - 0x000007fefcc2f000 	C:\Windows\system32\profapi.dll
0x0000000074970000 - 0x000000007497d000 	C:\Program Files\Java\jdk1.8.0_131\jre\bin\management.dll
0x0000000073500000 - 0x000000007351a000 	C:\Program Files\Java\jdk1.8.0_131\jre\bin\net.dll
0x000007fefc0a0000 - 0x000007fefc0f5000 	C:\Windows\system32\mswsock.dll
0x000007fefc090000 - 0x000007fefc097000 	C:\Windows\System32\wship6.dll
0x000007fefaaf0000 - 0x000007fefab05000 	C:\Windows\system32\NLAapi.dll
0x000007fef75b0000 - 0x000007fef75c5000 	C:\Windows\system32\napinsp.dll
0x000007fef7560000 - 0x000007fef7579000 	C:\Windows\system32\pnrpnsp.dll
0x000007fefbf20000 - 0x000007fefbf7b000 	C:\Windows\system32\DNSAPI.dll
0x000007fef7480000 - 0x000007fef748b000 	C:\Windows\System32\winrnr.dll
0x000007fef73f0000 - 0x000007fef7400000 	C:\Windows\system32\wshbth.dll
0x000000006ff00000 - 0x000000006ff26000 	C:\Program Files\Bonjour\mdnsNSP.dll
0x000007fefa5b0000 - 0x000007fefa5d7000 	C:\Windows\system32\Iphlpapi.DLL
0x000007fefa580000 - 0x000007fefa58b000 	C:\Windows\system32\WINNSI.DLL
0x000007fefc4d0000 - 0x000007fefc4d7000 	C:\Windows\System32\wshtcpip.dll
0x000007fef73b0000 - 0x000007fef73b8000 	C:\Windows\system32\rasadhlp.dll
0x000007fefa4d0000 - 0x000007fefa523000 	C:\Windows\System32\fwpuclnt.dll
0x00000000734e0000 - 0x00000000734f1000 	C:\Program Files\Java\jdk1.8.0_131\jre\bin\nio.dll
0x000007fefc100000 - 0x000007fefc118000 	C:\Windows\system32\CRYPTSP.dll
0x000007fefbe00000 - 0x000007fefbe47000 	C:\Windows\system32\rsaenh.dll
0x000007fefcd00000 - 0x000007fefcd1e000 	C:\Windows\system32\USERENV.dll
0x000007fefca10000 - 0x000007fefca1f000 	C:\Windows\system32\CRYPTBASE.dll
0x000007fefa420000 - 0x000007fefa438000 	C:\Windows\system32\dhcpcsvc.DLL
0x000007fefa2c0000 - 0x000007fefa2d1000 	C:\Windows\system32\dhcpcsvc6.DLL

VM Arguments:
jvm_args: -Dfile.encoding=windows-1251 -Duser.country=RU -Duser.language=ru -Duser.variant 
java_command: project.salvo.game.SalvoApplication
java_class_path (initial): C:\Users\Anton\IdeaProjects\salvo\src\main\resources;C:\Users\Anton\IdeaProjects\salvo\build\classes\main;C:\Users\Anton\IdeaProjects\salvo\build\resources\main;C:\Users\Anton\.gradle\caches\modules-2\files-2.1\org.springframework.boot\spring-boot-starter-data-jpa\1.5.4.RELEASE\61bafdbd6d31e67b024c432de34a19b35e46c062\spring-boot-starter-data-jpa-1.5.4.RELEASE.jar;C:\Users\Anton\.gradle\caches\modules-2\files-2.1\org.springframework.boot\spring-boot-starter-data-rest\1.5.4.RELEASE\269a7df06a7ed99f0ed8dfded81f2e3705241bde\spring-boot-starter-data-rest-1.5.4.RELEASE.jar;C:\Users\Anton\.gradle\caches\modules-2\files-2.1\org.springframework.boot\spring-boot-starter-web\1.5.4.RELEASE\5d6c554f34b20dffcbdfc7edf9b80956e2dace\spring-boot-starter-web-1.5.4.RELEASE.jar;C:\Users\Anton\.gradle\caches\modules-2\files-2.1\com.h2database\h2\1.4.195\b25cc38f12b977694b8c85848e5bbecb2d88fd96\h2-1.4.195.jar;C:\Users\Anton\.gradle\caches\modules-2\files-2.1\org.springframework.boot\spring-boot-starter\1.5.4.RELEASE\74d5aa641503ddd12833c82cc19b295f9f40e8fa\spring-boot-starter-1.5.4.RELEASE.jar;C:\Users\Anton\.gradle\caches\modules-2\files-2.1\org.springframework.boot\spring-boot-starter-aop\1.5.4.RELEASE\1650672554abd364c728de5ce1aba7c28181968c\spring-boot-starter-aop-1.5.4.RELEASE.jar;C:\Users\Anton\.gradle\caches\modules-2\files-2.1\org.springframework.boot\spring-boot-starter-jdbc\1.5.4.RELEASE\587ab04faeaeb2cbec0adf8fba68ee278d2c8764\spring-boot-starter-jdbc-1.5.4.RELEASE.jar;C:\Users\Anton\.gradle\caches\modules-2\files-2.1\org.hibernate\hibernate-core\5.0.12.Final\e58bf1c660e6706d8e2cbb53bae110f574366102\hibernate-core-5.0.12.Final.jar;C:\Users\Anton\.gradle\caches\modules-2\files-2.1\org.hibernate\hibernate-entitymanager\5.0.12.Final\302a526f5058290e9cbd719a5caf9f248d344719\hibernate-entitymanager-5.0.12.Final.jar;C:\Users\Anton\.gradle\caches\modules-2\files-2.1\javax.transaction\javax.transaction-api\1.2\d81aff979d603edd90dcd8db2abc1f4ce6479e3e\javax
Launcher Type: SUN_STANDARD

Environment Variables:
JAVA_HOME=C:\Program Files\Java\jdk1.8.0_131
PATH=C:\ProgramData\Oracle\Java\javapath;C:\Windows\system32;C:\Windows;C:\Windows\System32\Wbem;C:\Windows\System32\WindowsPowerShell\v1.0\;C:\Program Files (x86)\ATI Technologies\ATI.ACE\Core-Static;C:\Program Files (x86)\Brackets\command;C:\Program Files\nodejs\;C:\Program Files\Git\cmd;C:\Gradle\gradle-4.0\bin;C:\Users\Anton\AppData\Local\Programs\Python\Python36\Scripts\;C:\Users\Anton\AppData\Local\Programs\Python\Python36\;C:\Users\Anton\AppData\Roaming\npm;C:\Program Files\Java\jdk1.8.0_131\bin
USERNAME=Anton
OS=Windows_NT
PROCESSOR_IDENTIFIER=AMD64 Family 16 Model 6 Stepping 3, AuthenticAMD



---------------  S Y S T E M  ---------------

OS: Windows 7 , 64 bit Build 7601 (6.1.7601.23714)

CPU:total 2 (initial active 2) (2 cores per cpu, 1 threads per core) family 16 model 6 stepping 3, cmov, cx8, fxsr, mmx, sse, sse2, sse3, popcnt, mmxext, 3dnowpref, lzcnt, tsc, tscinvbit, tscinv

Memory: 4k page, physical 6024088k(1254888k free), swap 6153300k(5932k free)

vm_info: Java HotSpot(TM) 64-Bit Server VM (25.131-b11) for windows-amd64 JRE (1.8.0_131-b11), built on Mar 15 2017 01:23:53 by "java_re" with MS VC++ 10.0 (VS2010)

time: Fri Jul 21 12:07:49 2017
elapsed time: 39 seconds (0d 0h 0m 39s)

