#
# There is insufficient memory for the Java Runtime Environment to continue.
# Native memory allocation (malloc) failed to allocate 281456 bytes for Chunk::new
# Possible reasons:
#   The system is out of physical RAM or swap space
#   In 32 bit mode, the process size limit was hit
# Possible solutions:
#   Reduce memory load on the system
#   Increase physical memory or swap space
#   Check if swap backing store is full
#   Use 64 bit Java on a 64 bit OS
#   Decrease Java heap size (-Xmx/-Xms)
#   Decrease number of Java threads
#   Decrease Java thread stack sizes (-Xss)
#   Set larger code cache with -XX:ReservedCodeCacheSize=
# This output file may be truncated or incomplete.
#
#  Out of Memory Error (allocation.cpp:390), pid=6480, tid=0x0000000000001b40
#
# JRE version: Java(TM) SE Runtime Environment (8.0_131-b11) (build 1.8.0_131-b11)
# Java VM: Java HotSpot(TM) 64-Bit Server VM (25.131-b11 mixed mode windows-amd64 compressed oops)
# Failed to write core dump. Minidumps are not enabled by default on client versions of Windows
#

---------------  T H R E A D  ---------------

Current thread (0x0000000055aaf800):  JavaThread "C2 CompilerThread0" daemon [_thread_in_native, id=6976, stack(0x00000000567d0000,0x00000000568d0000)]

Stack: [0x00000000567d0000,0x00000000568d0000]
[error occurred during error reporting (printing stack bounds), id 0xc0000005]

Native frames: (J=compiled Java code, j=interpreted, Vv=VM code, C=native code)


Current CompileTask:
C2:   6853 1486 %     4       java.io.WinNTFileSystem::normalize @ 22 (143 bytes)


---------------  P R O C E S S  ---------------

Java Threads: ( => current thread )
  0x0000000056e20800 JavaThread "Service Thread" daemon [_thread_blocked, id=6800, stack(0x0000000057400000,0x0000000057500000)]
  0x0000000055b0c000 JavaThread "C1 CompilerThread1" daemon [_thread_blocked, id=7060, stack(0x0000000056d20000,0x0000000056e20000)]
=>0x0000000055aaf800 JavaThread "C2 CompilerThread0" daemon [_thread_in_native, id=6976, stack(0x00000000567d0000,0x00000000568d0000)]
  0x0000000055aae000 JavaThread "Attach Listener" daemon [_thread_blocked, id=6924, stack(0x0000000056ba0000,0x0000000056ca0000)]
  0x0000000055aac000 JavaThread "Signal Dispatcher" daemon [_thread_blocked, id=3736, stack(0x0000000056a40000,0x0000000056b40000)]
  0x0000000055a8d800 JavaThread "Finalizer" daemon [_thread_blocked, id=2404, stack(0x0000000056910000,0x0000000056a10000)]
  0x0000000055a49800 JavaThread "Reference Handler" daemon [_thread_blocked, id=5648, stack(0x0000000056650000,0x0000000056750000)]
  0x0000000001d42800 JavaThread "main" [_thread_in_Java, id=2688, stack(0x0000000001fb0000,0x00000000020b0000)]

Other Threads:
  0x0000000055a41800 VMThread [stack: 0x0000000056440000,0x0000000056540000] [id=5224]
  0x0000000056e41800 WatcherThread [stack: 0x00000000575c0000,0x00000000576c0000] [id=3536]

VM state:not at safepoint (normal execution)

VM Mutex/Monitor currently owned by a thread: None

Heap:
 PSYoungGen      total 51712K, used 12696K [0x00000000e1580000, 0x00000000e4b80000, 0x0000000100000000)
  eden space 48128K, 18% used [0x00000000e1580000,0x00000000e1e6d378,0x00000000e4480000)
  from space 3584K, 99% used [0x00000000e4480000,0x00000000e47f8e18,0x00000000e4800000)
  to   space 3584K, 0% used [0x00000000e4800000,0x00000000e4800000,0x00000000e4b80000)
 ParOldGen       total 62976K, used 5986K [0x00000000a4000000, 0x00000000a7d80000, 0x00000000e1580000)
  object space 62976K, 9% used [0x00000000a4000000,0x00000000a45d8ad8,0x00000000a7d80000)
 Metaspace       used 18603K, capacity 18800K, committed 19072K, reserved 1067008K
  class space    used 2257K, capacity 2339K, committed 2432K, reserved 1048576K

Card table byte_map: [0x0000000011740000,0x0000000011a30000] byte_map_base: 0x0000000011220000

Marking Bits: (ParMarkBitMap*) 0x000000005ed3c720
 Begin Bits: [0x0000000012030000, 0x0000000013730000)
 End Bits:   [0x0000000013730000, 0x0000000014e30000)

Polling page: 0x0000000000210000

CodeCache: size=245760Kb used=5350Kb max_used=5350Kb free=240409Kb
 bounds [0x0000000002380000, 0x00000000028c0000, 0x0000000011380000]
 total_blobs=1864 nmethods=1507 adapters=270
 compilation: enabled

Compilation events (10 events):
Event: 6.518 Thread 0x0000000055b0c000 1488       3       org.springframework.util.StringUtils::delimitedListToStringArray (7 bytes)
Event: 6.518 Thread 0x0000000055b0c000 nmethod 1488 0x00000000028aae10 code [0x00000000028aaf80, 0x00000000028ab0e8]
Event: 6.526 Thread 0x0000000055b0c000 1489       1       java.security.Permission::getName (5 bytes)
Event: 6.526 Thread 0x0000000055b0c000 nmethod 1489 0x00000000028aab50 code [0x00000000028aaca0, 0x00000000028aadb0]
Event: 6.603 Thread 0x0000000055b0c000 1491       3       org.springframework.util.StringUtils::toStringArray (25 bytes)
Event: 6.603 Thread 0x0000000055b0c000 nmethod 1491 0x00000000028ad090 code [0x00000000028ad220, 0x00000000028ad698]
Event: 6.660 Thread 0x0000000055b0c000 1492       3       java.util.ArrayList::isEmpty (13 bytes)
Event: 6.660 Thread 0x0000000055b0c000 nmethod 1492 0x00000000028acd10 code [0x00000000028ace60, 0x00000000028ad010]
Event: 6.666 Thread 0x0000000055b0c000 1493       3       org.springframework.boot.autoconfigure.AutoConfigurationMetadataLoader$PropertiesAutoConfigurationMetadata::getSet (23 bytes)
Event: 6.666 Thread 0x0000000055b0c000 nmethod 1493 0x00000000028ac7d0 code [0x00000000028ac960, 0x00000000028acbf8]

GC Heap History (6 events):
Event: 3.101 GC heap before
{Heap before GC invocations=1 (full 0):
 PSYoungGen      total 27648K, used 24064K [0x00000000e1580000, 0x00000000e3400000, 0x0000000100000000)
  eden space 24064K, 100% used [0x00000000e1580000,0x00000000e2d00000,0x00000000e2d00000)
  from space 3584K, 0% used [0x00000000e3080000,0x00000000e3080000,0x00000000e3400000)
  to   space 3584K, 0% used [0x00000000e2d00000,0x00000000e2d00000,0x00000000e3080000)
 ParOldGen       total 62976K, used 0K [0x00000000a4000000, 0x00000000a7d80000, 0x00000000e1580000)
  object space 62976K, 0% used [0x00000000a4000000,0x00000000a4000000,0x00000000a7d80000)
 Metaspace       used 7094K, capacity 7210K, committed 7296K, reserved 1056768K
  class space    used 841K, capacity 887K, committed 896K, reserved 1048576K
Event: 3.134 GC heap after
Heap after GC invocations=1 (full 0):
 PSYoungGen      total 27648K, used 3544K [0x00000000e1580000, 0x00000000e4b80000, 0x0000000100000000)
  eden space 24064K, 0% used [0x00000000e1580000,0x00000000e1580000,0x00000000e2d00000)
  from space 3584K, 98% used [0x00000000e2d00000,0x00000000e30760c0,0x00000000e3080000)
  to   space 3584K, 0% used [0x00000000e4800000,0x00000000e4800000,0x00000000e4b80000)
 ParOldGen       total 62976K, used 8K [0x00000000a4000000, 0x00000000a7d80000, 0x00000000e1580000)
  object space 62976K, 0% used [0x00000000a4000000,0x00000000a4002000,0x00000000a7d80000)
 Metaspace       used 7094K, capacity 7210K, committed 7296K, reserved 1056768K
  class space    used 841K, capacity 887K, committed 896K, reserved 1048576K
}
Event: 4.253 GC heap before
{Heap before GC invocations=2 (full 0):
 PSYoungGen      total 27648K, used 27608K [0x00000000e1580000, 0x00000000e4b80000, 0x0000000100000000)
  eden space 24064K, 100% used [0x00000000e1580000,0x00000000e2d00000,0x00000000e2d00000)
  from space 3584K, 98% used [0x00000000e2d00000,0x00000000e30760c0,0x00000000e3080000)
  to   space 3584K, 0% used [0x00000000e4800000,0x00000000e4800000,0x00000000e4b80000)
 ParOldGen       total 62976K, used 8K [0x00000000a4000000, 0x00000000a7d80000, 0x00000000e1580000)
  object space 62976K, 0% used [0x00000000a4000000,0x00000000a4002000,0x00000000a7d80000)
 Metaspace       used 10169K, capacity 10314K, committed 10624K, reserved 1058816K
  class space    used 1243K, capacity 1303K, committed 1408K, reserved 1048576K
Event: 4.329 GC heap after
Heap after GC invocations=2 (full 0):
 PSYoungGen      total 51712K, used 3567K [0x00000000e1580000, 0x00000000e4b80000, 0x0000000100000000)
  eden space 48128K, 0% used [0x00000000e1580000,0x00000000e1580000,0x00000000e4480000)
  from space 3584K, 99% used [0x00000000e4800000,0x00000000e4b7bd00,0x00000000e4b80000)
  to   space 3584K, 0% used [0x00000000e4480000,0x00000000e4480000,0x00000000e4800000)
 ParOldGen       total 62976K, used 985K [0x00000000a4000000, 0x00000000a7d80000, 0x00000000e1580000)
  object space 62976K, 1% used [0x00000000a4000000,0x00000000a40f66a8,0x00000000a7d80000)
 Metaspace       used 10169K, capacity 10314K, committed 10624K, reserved 1058816K
  class space    used 1243K, capacity 1303K, committed 1408K, reserved 1048576K
}
Event: 6.454 GC heap before
{Heap before GC invocations=3 (full 0):
 PSYoungGen      total 51712K, used 51695K [0x00000000e1580000, 0x00000000e4b80000, 0x0000000100000000)
  eden space 48128K, 100% used [0x00000000e1580000,0x00000000e4480000,0x00000000e4480000)
  from space 3584K, 99% used [0x00000000e4800000,0x00000000e4b7bd00,0x00000000e4b80000)
  to   space 3584K, 0% used [0x00000000e4480000,0x00000000e4480000,0x00000000e4800000)
 ParOldGen       total 62976K, used 985K [0x00000000a4000000, 0x00000000a7d80000, 0x00000000e1580000)
  object space 62976K, 1% used [0x00000000a4000000,0x00000000a40f66a8,0x00000000a7d80000)
 Metaspace       used 18154K, capacity 18410K, committed 18688K, reserved 1064960K
  class space    used 2195K, capacity 2274K, committed 2304K, reserved 1048576K
Event: 6.485 GC heap after
Heap after GC invocations=3 (full 0):
 PSYoungGen      total 51712K, used 3555K [0x00000000e1580000, 0x00000000e4b80000, 0x0000000100000000)
  eden space 48128K, 0% used [0x00000000e1580000,0x00000000e1580000,0x00000000e4480000)
  from space 3584K, 99% used [0x00000000e4480000,0x00000000e47f8e18,0x00000000e4800000)
  to   space 3584K, 0% used [0x00000000e4800000,0x00000000e4800000,0x00000000e4b80000)
 ParOldGen       total 62976K, used 5986K [0x00000000a4000000, 0x00000000a7d80000, 0x00000000e1580000)
  object space 62976K, 9% used [0x00000000a4000000,0x00000000a45d8ad8,0x00000000a7d80000)
 Metaspace       used 18154K, capacity 18410K, committed 18688K, reserved 1064960K
  class space    used 2195K, capacity 2274K, committed 2304K, reserved 1048576K
}

Deoptimization events (10 events):
Event: 4.894 Thread 0x0000000001d42800 Uncommon trap: reason=bimorphic action=maybe_recompile pc=0x000000000266e1f4 method=java.util.HashMap.putVal(ILjava/lang/Object;Ljava/lang/Object;ZZ)Ljava/lang/Object; @ 253
Event: 4.894 Thread 0x0000000001d42800 Uncommon trap: reason=bimorphic action=maybe_recompile pc=0x000000000266e1f4 method=java.util.HashMap.putVal(ILjava/lang/Object;Ljava/lang/Object;ZZ)Ljava/lang/Object; @ 253
Event: 4.894 Thread 0x0000000001d42800 Uncommon trap: reason=bimorphic action=maybe_recompile pc=0x000000000266e1f4 method=java.util.HashMap.putVal(ILjava/lang/Object;Ljava/lang/Object;ZZ)Ljava/lang/Object; @ 253
Event: 4.983 Thread 0x0000000057cd2000 Uncommon trap: reason=unstable_if action=reinterpret pc=0x0000000002695744 method=java.util.Properties$LineReader.readLine()I @ 252
Event: 4.986 Thread 0x0000000057cd2000 Uncommon trap: reason=unstable_if action=reinterpret pc=0x000000000263e074 method=java.util.Properties$LineReader.readLine()I @ 252
Event: 5.530 Thread 0x0000000057cd2000 Uncommon trap: reason=unstable_if action=reinterpret pc=0x000000000278804c method=com.sun.org.apache.xerces.internal.impl.XMLEntityScanner.skipSpaces()Z @ 125
Event: 5.800 Thread 0x0000000001d42800 Uncommon trap: reason=unstable_if action=reinterpret pc=0x000000000257bbfc method=java.io.WinNTFileSystem.normalize(Ljava/lang/String;)Ljava/lang/String; @ 128
Event: 5.800 Thread 0x0000000001d42800 Uncommon trap: reason=unstable_if action=reinterpret pc=0x00000000025ffe18 method=java.io.WinNTFileSystem.normalize(Ljava/lang/String;II)Ljava/lang/String; @ 8
Event: 6.246 Thread 0x0000000057cd2000 Uncommon trap: reason=predicate action=maybe_recompile pc=0x000000000267e5dc method=java.lang.String.regionMatches(ZILjava/lang/String;II)Z @ 63
Event: 6.295 Thread 0x0000000057cd2000 Uncommon trap: reason=unstable_if action=reinterpret pc=0x0000000002656b20 method=java.util.HashMap.hash(Ljava/lang/Object;)I @ 1

Internal exceptions (10 events):
Event: 5.562 Thread 0x0000000001d42800 Exception <a 'java/lang/ClassNotFoundException': java/lang/ObjectCustomizer> (0x00000000e30bceb0) thrown at [C:\re\workspace\8-2-build-windows-amd64-cygwin\jdk8u131\8869\hotspot\src\share\vm\classfile\systemDictionary.cpp, line 210]
Event: 5.564 Thread 0x0000000001d42800 Exception <a 'java/lang/ClassNotFoundException': org/springframework/context/annotation/ConfigurationClassPostProcessorCustomizer> (0x00000000e30d9370) thrown at [C:\re\workspace\8-2-build-windows-amd64-cygwin\jdk8u131\8869\hotspot\src\share\vm\classfile\
Event: 5.570 Thread 0x0000000001d42800 Exception <a 'java/lang/ClassNotFoundException': org/springframework/beans/factory/support/BeanDefinitionRegistryPostProcessorCustomizer> (0x00000000e3104cd0) thrown at [C:\re\workspace\8-2-build-windows-amd64-cygwin\jdk8u131\8869\hotspot\src\share\vm\cla
Event: 5.571 Thread 0x0000000001d42800 Exception <a 'java/lang/ClassNotFoundException': org/springframework/core/PriorityOrderedCustomizer> (0x00000000e3117410) thrown at [C:\re\workspace\8-2-build-windows-amd64-cygwin\jdk8u131\8869\hotspot\src\share\vm\classfile\systemDictionary.cpp, line 210
Event: 5.578 Thread 0x0000000001d42800 Exception <a 'java/lang/ClassNotFoundException': org/springframework/context/ResourceLoaderAwareCustomizer> (0x00000000e312a468) thrown at [C:\re\workspace\8-2-build-windows-amd64-cygwin\jdk8u131\8869\hotspot\src\share\vm\classfile\systemDictionary.cpp, l
Event: 5.580 Thread 0x0000000001d42800 Exception <a 'java/lang/ClassNotFoundException': org/springframework/beans/factory/BeanClassLoaderAwareCustomizer> (0x00000000e319fc80) thrown at [C:\re\workspace\8-2-build-windows-amd64-cygwin\jdk8u131\8869\hotspot\src\share\vm\classfile\systemDictionary
Event: 5.583 Thread 0x0000000001d42800 Exception <a 'java/lang/ClassNotFoundException': org/springframework/context/EnvironmentAwareCustomizer> (0x00000000e31b35a0) thrown at [C:\re\workspace\8-2-build-windows-amd64-cygwin\jdk8u131\8869\hotspot\src\share\vm\classfile\systemDictionary.cpp, line
Event: 6.213 Thread 0x0000000057cd2000 Exception <a 'java/lang/NoSuchFieldError': method resolution failed> (0x00000000e3f53250) thrown at [C:\re\workspace\8-2-build-windows-amd64-cygwin\jdk8u131\8869\hotspot\src\share\vm\prims\methodHandles.cpp, line 1146]
Event: 6.222 Thread 0x0000000057cd2000 Exception <a 'java/lang/NoSuchFieldError': method resolution failed> (0x00000000e3f60910) thrown at [C:\re\workspace\8-2-build-windows-amd64-cygwin\jdk8u131\8869\hotspot\src\share\vm\prims\methodHandles.cpp, line 1146]
Event: 6.295 Thread 0x0000000057cd2000 Implicit null exception at 0x0000000002656a88 to 0x0000000002656b16

Events (10 events):
Event: 6.764 loading class org/springframework/data/couchbase/repository/CouchbaseRepository
Event: 6.764 loading class org/springframework/data/couchbase/repository/CouchbaseRepository done
Event: 6.765 loading class com/couchbase/client/java/Bucket
Event: 6.765 loading class com/couchbase/client/java/Bucket done
Event: 6.766 loading class org/springframework/data/couchbase/repository/CouchbaseRepository
Event: 6.766 loading class org/springframework/data/couchbase/repository/CouchbaseRepository done
Event: 6.766 loading class org/elasticsearch/client/Client
Event: 6.766 loading class org/elasticsearch/client/Client done
Event: 6.766 loading class org/springframework/data/elasticsearch/client/TransportClientFactoryBean
Event: 6.766 loading class org/springframework/data/elasticsearch/client/TransportClientFactoryBean done


Dynamic libraries:
0x000000013f440000 - 0x000000013f477000 	C:\Program Files\Java\jdk1.8.0_131\bin\java.exe
0x00000000770b0000 - 0x000000007725a000 	C:\Windows\SYSTEM32\ntdll.dll
0x0000000076e90000 - 0x0000000076faf000 	C:\Windows\system32\kernel32.dll
0x000007fefd0e0000 - 0x000007fefd14a000 	C:\Windows\system32\KERNELBASE.dll
0x000007fefdf10000 - 0x000007fefdfeb000 	C:\Windows\system32\ADVAPI32.dll
0x000007fefde70000 - 0x000007fefdf0f000 	C:\Windows\system32\msvcrt.dll
0x000007feff3a0000 - 0x000007feff3bf000 	C:\Windows\SYSTEM32\sechost.dll
0x000007fefd160000 - 0x000007fefd28d000 	C:\Windows\system32\RPCRT4.dll
0x0000000076fb0000 - 0x00000000770aa000 	C:\Windows\system32\USER32.dll
0x000007fefd290000 - 0x000007fefd2f7000 	C:\Windows\system32\GDI32.dll
0x000007fefdff0000 - 0x000007fefdffe000 	C:\Windows\system32\LPK.dll
0x000007feff250000 - 0x000007feff31a000 	C:\Windows\system32\USP10.dll
0x000007fefb870000 - 0x000007fefba64000 	C:\Windows\WinSxS\amd64_microsoft.windows.common-controls_6595b64144ccf1df_6.0.7601.18837_none_fa3b1e3d17594757\COMCTL32.dll
0x000007fefdc40000 - 0x000007fefdcb1000 	C:\Windows\system32\SHLWAPI.dll
0x000007fefdb60000 - 0x000007fefdb8e000 	C:\Windows\system32\IMM32.DLL
0x000007fefdd60000 - 0x000007fefde69000 	C:\Windows\system32\MSCTF.dll
0x000000006eab0000 - 0x000000006eb82000 	C:\Program Files\Java\jdk1.8.0_131\jre\bin\msvcr100.dll
0x000000005e520000 - 0x000000005edbc000 	C:\Program Files\Java\jdk1.8.0_131\jre\bin\server\jvm.dll
0x000007fef8d90000 - 0x000007fef8d99000 	C:\Windows\system32\WSOCK32.dll
0x000007fefe100000 - 0x000007fefe14d000 	C:\Windows\system32\WS2_32.dll
0x000007fefdc30000 - 0x000007fefdc38000 	C:\Windows\system32\NSI.dll
0x000007fefacc0000 - 0x000007fefacfb000 	C:\Windows\system32\WINMM.dll
0x000007fefc630000 - 0x000007fefc63c000 	C:\Windows\system32\VERSION.dll
0x0000000077280000 - 0x0000000077287000 	C:\Windows\system32\PSAPI.DLL
0x0000000074770000 - 0x000000007477f000 	C:\Program Files\Java\jdk1.8.0_131\jre\bin\verify.dll
0x0000000073f10000 - 0x0000000073f39000 	C:\Program Files\Java\jdk1.8.0_131\jre\bin\java.dll
0x00000000740d0000 - 0x00000000740e6000 	C:\Program Files\Java\jdk1.8.0_131\jre\bin\zip.dll
0x000007fefe330000 - 0x000007feff0ba000 	C:\Windows\system32\SHELL32.dll
0x000007fefd300000 - 0x000007fefd4fc000 	C:\Windows\system32\ole32.dll
0x000007fefcdb0000 - 0x000007fefcdbf000 	C:\Windows\system32\profapi.dll
0x0000000074790000 - 0x000000007479d000 	C:\Program Files\Java\jdk1.8.0_131\jre\bin\management.dll
0x00000000740b0000 - 0x00000000740ca000 	C:\Program Files\Java\jdk1.8.0_131\jre\bin\net.dll
0x000007fefc230000 - 0x000007fefc285000 	C:\Windows\system32\mswsock.dll
0x000007fefc220000 - 0x000007fefc227000 	C:\Windows\System32\wship6.dll
0x000007fefab90000 - 0x000007fefaba5000 	C:\Windows\system32\NLAapi.dll
0x000007fef7610000 - 0x000007fef7625000 	C:\Windows\system32\napinsp.dll
0x000007fef7550000 - 0x000007fef7569000 	C:\Windows\system32\pnrpnsp.dll
0x000007fefc0b0000 - 0x000007fefc10b000 	C:\Windows\system32\DNSAPI.dll
0x000007fef7660000 - 0x000007fef766b000 	C:\Windows\System32\winrnr.dll
0x000007fef74a0000 - 0x000007fef74b0000 	C:\Windows\system32\wshbth.dll
0x000000006fe20000 - 0x000000006fe46000 	C:\Program Files\Bonjour\mdnsNSP.dll
0x000007fefa610000 - 0x000007fefa637000 	C:\Windows\system32\Iphlpapi.DLL
0x000007fefa5c0000 - 0x000007fefa5cb000 	C:\Windows\system32\WINNSI.DLL
0x000007fefc660000 - 0x000007fefc667000 	C:\Windows\System32\wshtcpip.dll
0x000007fef7450000 - 0x000007fef7458000 	C:\Windows\system32\rasadhlp.dll
0x000007fefa4a0000 - 0x000007fefa4f3000 	C:\Windows\System32\fwpuclnt.dll
0x0000000073ef0000 - 0x0000000073f01000 	C:\Program Files\Java\jdk1.8.0_131\jre\bin\nio.dll

VM Arguments:
jvm_args: -Dfile.encoding=windows-1251 -Duser.country=RU -Duser.language=ru -Duser.variant 
java_command: SalvoApplication
java_class_path (initial): C:\Users\Anton\IdeaProjects\salvo\src\main\resources;C:\Users\Anton\IdeaProjects\salvo\build\classes\main;C:\Users\Anton\IdeaProjects\salvo\build\resources\main;C:\Users\Anton\.gradle\caches\modules-2\files-2.1\org.springframework.boot\spring-boot-starter-data-jpa\1.5.4.RELEASE\61bafdbd6d31e67b024c432de34a19b35e46c062\spring-boot-starter-data-jpa-1.5.4.RELEASE.jar;C:\Users\Anton\.gradle\caches\modules-2\files-2.1\org.springframework.boot\spring-boot-starter-data-rest\1.5.4.RELEASE\269a7df06a7ed99f0ed8dfded81f2e3705241bde\spring-boot-starter-data-rest-1.5.4.RELEASE.jar;C:\Users\Anton\.gradle\caches\modules-2\files-2.1\org.springframework.boot\spring-boot-starter-web\1.5.4.RELEASE\5d6c554f34b20dffcbdfc7edf9b80956e2dace\spring-boot-starter-web-1.5.4.RELEASE.jar;C:\Users\Anton\.gradle\caches\modules-2\files-2.1\com.h2database\h2\1.4.195\b25cc38f12b977694b8c85848e5bbecb2d88fd96\h2-1.4.195.jar;C:\Users\Anton\.gradle\caches\modules-2\files-2.1\org.springframework.boot\spring-boot-starter\1.5.4.RELEASE\74d5aa641503ddd12833c82cc19b295f9f40e8fa\spring-boot-starter-1.5.4.RELEASE.jar;C:\Users\Anton\.gradle\caches\modules-2\files-2.1\org.springframework.boot\spring-boot-starter-aop\1.5.4.RELEASE\1650672554abd364c728de5ce1aba7c28181968c\spring-boot-starter-aop-1.5.4.RELEASE.jar;C:\Users\Anton\.gradle\caches\modules-2\files-2.1\org.springframework.boot\spring-boot-starter-jdbc\1.5.4.RELEASE\587ab04faeaeb2cbec0adf8fba68ee278d2c8764\spring-boot-starter-jdbc-1.5.4.RELEASE.jar;C:\Users\Anton\.gradle\caches\modules-2\files-2.1\org.hibernate\hibernate-core\5.0.12.Final\e58bf1c660e6706d8e2cbb53bae110f574366102\hibernate-core-5.0.12.Final.jar;C:\Users\Anton\.gradle\caches\modules-2\files-2.1\org.hibernate\hibernate-entitymanager\5.0.12.Final\302a526f5058290e9cbd719a5caf9f248d344719\hibernate-entitymanager-5.0.12.Final.jar;C:\Users\Anton\.gradle\caches\modules-2\files-2.1\javax.transaction\javax.transaction-api\1.2\d81aff979d603edd90dcd8db2abc1f4ce6479e3e\javax
Launcher Type: SUN_STANDARD

Environment Variables:
JAVA_HOME=C:\Program Files\Java\jdk1.8.0_131
PATH=C:\ProgramData\Oracle\Java\javapath;C:\Windows\system32;C:\Windows;C:\Windows\System32\Wbem;C:\Windows\System32\WindowsPowerShell\v1.0\;C:\Program Files (x86)\ATI Technologies\ATI.ACE\Core-Static;C:\Program Files (x86)\Brackets\command;C:\Program Files\nodejs\;C:\Program Files\Git\cmd;C:\Gradle\gradle-4.0\bin;C:\Users\Anton\AppData\Local\Programs\Python\Python36\Scripts\;C:\Users\Anton\AppData\Local\Programs\Python\Python36\;C:\Users\Anton\AppData\Roaming\npm;C:\Program Files\Java\jdk1.8.0_131\bin
USERNAME=Anton
OS=Windows_NT
PROCESSOR_IDENTIFIER=AMD64 Family 16 Model 6 Stepping 3, AuthenticAMD



---------------  S Y S T E M  ---------------

OS: Windows 7 , 64 bit Build 7601 (6.1.7601.23714)

CPU:total 2 (initial active 2) (2 cores per cpu, 1 threads per core) family 16 model 6 stepping 3, cmov, cx8, fxsr, mmx, sse, sse2, sse3, popcnt, mmxext, 3dnowpref, lzcnt, tsc, tscinvbit, tscinv

Memory: 4k page, physical 6024088k(1000912k free), swap 6153300k(2804k free)

vm_info: Java HotSpot(TM) 64-Bit Server VM (25.131-b11) for windows-amd64 JRE (1.8.0_131-b11), built on Mar 15 2017 01:23:53 by "java_re" with MS VC++ 10.0 (VS2010)

time: Tue Jul 11 11:54:16 2017
elapsed time: 6 seconds (0d 0h 0m 6s)

