#
# There is insufficient memory for the Java Runtime Environment to continue.
# Native memory allocation (malloc) failed to allocate 32784 bytes for Chunk::new
# Possible reasons:
#   The system is out of physical RAM or swap space
#   In 32 bit mode, the process size limit was hit
# Possible solutions:
#   Reduce memory load on the system
#   Increase physical memory or swap space
#   Check if swap backing store is full
#   Use 64 bit Java on a 64 bit OS
#   Decrease Java heap size (-Xmx/-Xms)
#   Decrease number of Java threads
#   Decrease Java thread stack sizes (-Xss)
#   Set larger code cache with -XX:ReservedCodeCacheSize=
# This output file may be truncated or incomplete.
#
#  Out of Memory Error (allocation.cpp:390), pid=1144, tid=0x00000000000018fc
#
# JRE version: Java(TM) SE Runtime Environment (8.0_131-b11) (build 1.8.0_131-b11)
# Java VM: Java HotSpot(TM) 64-Bit Server VM (25.131-b11 mixed mode windows-amd64 compressed oops)
# Failed to write core dump. Minidumps are not enabled by default on client versions of Windows
#

---------------  T H R E A D  ---------------

Current thread (0x000000005597f800):  JavaThread "C2 CompilerThread0" daemon [_thread_in_native, id=6396, stack(0x0000000056cd0000,0x0000000056dd0000)]

Stack: [0x0000000056cd0000,0x0000000056dd0000]
[error occurred during error reporting (printing stack bounds), id 0xc0000005]

Native frames: (J=compiled Java code, j=interpreted, Vv=VM code, C=native code)


Current CompileTask:
C2:  30314 3503   !   4       java.net.URL::<init> (543 bytes)


---------------  P R O C E S S  ---------------

Java Threads: ( => current thread )
  0x00000000576af000 JavaThread "Tomcat JDBC Pool Cleaner[1943105171:1500628064567]" daemon [_thread_blocked, id=4436, stack(0x000000005bb40000,0x000000005bc40000)]
  0x0000000058d78800 JavaThread "container-0" [_thread_blocked, id=5872, stack(0x000000005b9a0000,0x000000005baa0000)]
  0x0000000058943000 JavaThread "ContainerBackgroundProcessor[StandardEngine[Tomcat]]" daemon [_thread_blocked, id=4196, stack(0x0000000058390000,0x0000000058490000)]
  0x000000005731e000 JavaThread "localhost-startStop-1" daemon [_thread_blocked, id=6208, stack(0x0000000059d90000,0x0000000059e90000)]
  0x0000000057825800 JavaThread "Tomcat-startStop-1" daemon [_thread_blocked, id=4712, stack(0x0000000058180000,0x0000000058280000)]
  0x0000000056f90800 JavaThread "Service Thread" daemon [_thread_blocked, id=5492, stack(0x00000000568c0000,0x00000000569c0000)]
  0x00000000559db000 JavaThread "C1 CompilerThread1" daemon [_thread_blocked, id=6768, stack(0x0000000056e90000,0x0000000056f90000)]
=>0x000000005597f800 JavaThread "C2 CompilerThread0" daemon [_thread_in_native, id=6396, stack(0x0000000056cd0000,0x0000000056dd0000)]
  0x000000005597e000 JavaThread "Attach Listener" daemon [_thread_blocked, id=6696, stack(0x0000000056b90000,0x0000000056c90000)]
  0x000000005597c800 JavaThread "Signal Dispatcher" daemon [_thread_blocked, id=5720, stack(0x0000000056a00000,0x0000000056b00000)]
  0x0000000055963800 JavaThread "Finalizer" daemon [_thread_blocked, id=7076, stack(0x0000000056400000,0x0000000056500000)]
  0x0000000055919800 JavaThread "Reference Handler" daemon [_thread_blocked, id=6332, stack(0x0000000056660000,0x0000000056760000)]
  0x0000000001d22800 JavaThread "main" [_thread_in_vm, id=6364, stack(0x0000000002120000,0x0000000002220000)]

Other Threads:
  0x0000000055911800 VMThread [stack: 0x0000000056540000,0x0000000056640000] [id=6556]
  0x0000000056faa800 WatcherThread [stack: 0x0000000057560000,0x0000000057660000] [id=4216]

VM state:not at safepoint (normal execution)

VM Mutex/Monitor currently owned by a thread: None

Heap:
 PSYoungGen      total 180224K, used 4962K [0x00000000e1580000, 0x00000000f3080000, 0x0000000100000000)
  eden space 166912K, 2% used [0x00000000e1580000,0x00000000e1a58820,0x00000000eb880000)
  from space 13312K, 0% used [0x00000000eb880000,0x00000000eb880000,0x00000000ec580000)
  to   space 16384K, 0% used [0x00000000f2080000,0x00000000f2080000,0x00000000f3080000)
 ParOldGen       total 62464K, used 21918K [0x00000000a4000000, 0x00000000a7d00000, 0x00000000e1580000)
  object space 62464K, 35% used [0x00000000a4000000,0x00000000a5567b10,0x00000000a7d00000)
 Metaspace       used 35753K, capacity 36108K, committed 36392K, reserved 1081344K
  class space    used 4531K, capacity 4615K, committed 4648K, reserved 1048576K

Card table byte_map: [0x00000000118b0000,0x0000000011ba0000] byte_map_base: 0x0000000011390000

Marking Bits: (ParMarkBitMap*) 0x0000000060d5c720
 Begin Bits: [0x0000000011f00000, 0x0000000013600000)
 End Bits:   [0x0000000013600000, 0x0000000014d00000)

Polling page: 0x0000000000210000

CodeCache: size=245760Kb used=11983Kb max_used=11983Kb free=233776Kb
 bounds [0x00000000024f0000, 0x00000000030c0000, 0x00000000114f0000]
 total_blobs=3520 nmethods=3083 adapters=349
 compilation: enabled

Compilation events (10 events):
Event: 28.089 Thread 0x000000005597f800 nmethod 3501 0x00000000030a5610 code [0x00000000030a5740, 0x00000000030a57f8]
Event: 30.155 Thread 0x00000000559db000 3502       1       org.h2.engine.Session::getDatabase (5 bytes)
Event: 30.155 Thread 0x00000000559db000 nmethod 3502 0x00000000030ac450 code [0x00000000030ac5a0, 0x00000000030ac6b0]
Event: 30.169 Thread 0x000000005597f800 3503   !   4       java.net.URL::<init> (543 bytes)
Event: 30.212 Thread 0x00000000559db000 3504       3       ch.qos.logback.core.pattern.Converter::write (11 bytes)
Event: 30.212 Thread 0x00000000559db000 nmethod 3504 0x00000000030aba50 code [0x00000000030abbc0, 0x00000000030abef8]
Event: 30.212 Thread 0x00000000559db000 3505       3       ch.qos.logback.core.pattern.LiteralConverter::convert (5 bytes)
Event: 30.212 Thread 0x00000000559db000 nmethod 3505 0x00000000030ab710 code [0x00000000030ab860, 0x00000000030ab9b0]
Event: 30.225 Thread 0x00000000559db000 3506       3       java.lang.Integer::parseInt (261 bytes)
Event: 30.227 Thread 0x00000000559db000 nmethod 3506 0x00000000030acd90 code [0x00000000030ad140, 0x00000000030aeee8]

GC Heap History (10 events):
Event: 13.375 GC heap before
{Heap before GC invocations=7 (full 1):
 PSYoungGen      total 102912K, used 7661K [0x00000000e1580000, 0x00000000e8480000, 0x0000000100000000)
  eden space 95232K, 0% used [0x00000000e1580000,0x00000000e1580000,0x00000000e7280000)
  from space 7680K, 99% used [0x00000000e7b00000,0x00000000e827b788,0x00000000e8280000)
  to   space 8704K, 0% used [0x00000000e7280000,0x00000000e7280000,0x00000000e7b00000)
 ParOldGen       total 62976K, used 8536K [0x00000000a4000000, 0x00000000a7d80000, 0x00000000e1580000)
  object space 62976K, 13% used [0x00000000a4000000,0x00000000a4856288,0x00000000a7d80000)
 Metaspace       used 20930K, capacity 21154K, committed 21296K, reserved 1069056K
  class space    used 2550K, capacity 2640K, committed 2688K, reserved 1048576K
Event: 13.521 GC heap after
Heap after GC invocations=7 (full 1):
 PSYoungGen      total 102912K, used 0K [0x00000000e1580000, 0x00000000e8480000, 0x0000000100000000)
  eden space 95232K, 0% used [0x00000000e1580000,0x00000000e1580000,0x00000000e7280000)
  from space 7680K, 0% used [0x00000000e7b00000,0x00000000e7b00000,0x00000000e8280000)
  to   space 8704K, 0% used [0x00000000e7280000,0x00000000e7280000,0x00000000e7b00000)
 ParOldGen       total 44544K, used 11098K [0x00000000a4000000, 0x00000000a6b80000, 0x00000000e1580000)
  object space 44544K, 24% used [0x00000000a4000000,0x00000000a4ad6b78,0x00000000a6b80000)
 Metaspace       used 20930K, capacity 21154K, committed 21296K, reserved 1069056K
  class space    used 2550K, capacity 2640K, committed 2688K, reserved 1048576K
}
Event: 20.992 GC heap before
{Heap before GC invocations=8 (full 1):
 PSYoungGen      total 102912K, used 95232K [0x00000000e1580000, 0x00000000e8480000, 0x0000000100000000)
  eden space 95232K, 100% used [0x00000000e1580000,0x00000000e7280000,0x00000000e7280000)
  from space 7680K, 0% used [0x00000000e7b00000,0x00000000e7b00000,0x00000000e8280000)
  to   space 8704K, 0% used [0x00000000e7280000,0x00000000e7280000,0x00000000e7b00000)
 ParOldGen       total 44544K, used 11098K [0x00000000a4000000, 0x00000000a6b80000, 0x00000000e1580000)
  object space 44544K, 24% used [0x00000000a4000000,0x00000000a4ad6b78,0x00000000a6b80000)
 Metaspace       used 27269K, capacity 27592K, committed 27904K, reserved 1073152K
  class space    used 3379K, capacity 3489K, committed 3584K, reserved 1048576K
Event: 21.162 GC heap after
Heap after GC invocations=8 (full 1):
 PSYoungGen      total 103936K, used 8690K [0x00000000e1580000, 0x00000000ed100000, 0x0000000100000000)
  eden space 95232K, 0% used [0x00000000e1580000,0x00000000e1580000,0x00000000e7280000)
  from space 8704K, 99% used [0x00000000e7280000,0x00000000e7afcb58,0x00000000e7b00000)
  to   space 11776K, 0% used [0x00000000ec580000,0x00000000ec580000,0x00000000ed100000)
 ParOldGen       total 44544K, used 14287K [0x00000000a4000000, 0x00000000a6b80000, 0x00000000e1580000)
  object space 44544K, 32% used [0x00000000a4000000,0x00000000a4df3c00,0x00000000a6b80000)
 Metaspace       used 27269K, capacity 27592K, committed 27904K, reserved 1073152K
  class space    used 3379K, capacity 3489K, committed 3584K, reserved 1048576K
}
Event: 24.981 GC heap before
{Heap before GC invocations=9 (full 1):
 PSYoungGen      total 103936K, used 103922K [0x00000000e1580000, 0x00000000ed100000, 0x0000000100000000)
  eden space 95232K, 100% used [0x00000000e1580000,0x00000000e7280000,0x00000000e7280000)
  from space 8704K, 99% used [0x00000000e7280000,0x00000000e7afcb58,0x00000000e7b00000)
  to   space 11776K, 0% used [0x00000000ec580000,0x00000000ec580000,0x00000000ed100000)
 ParOldGen       total 44544K, used 14287K [0x00000000a4000000, 0x00000000a6b80000, 0x00000000e1580000)
  object space 44544K, 32% used [0x00000000a4000000,0x00000000a4df3c00,0x00000000a6b80000)
 Metaspace       used 29577K, capacity 29902K, committed 30208K, reserved 1075200K
  class space    used 3669K, capacity 3746K, committed 3840K, reserved 1048576K
Event: 25.088 GC heap after
Heap after GC invocations=9 (full 1):
 PSYoungGen      total 178688K, used 11762K [0x00000000e1580000, 0x00000000ed300000, 0x0000000100000000)
  eden space 166912K, 0% used [0x00000000e1580000,0x00000000e1580000,0x00000000eb880000)
  from space 11776K, 99% used [0x00000000ec580000,0x00000000ed0fcae0,0x00000000ed100000)
  to   space 13312K, 0% used [0x00000000eb880000,0x00000000eb880000,0x00000000ec580000)
 ParOldGen       total 44544K, used 14876K [0x00000000a4000000, 0x00000000a6b80000, 0x00000000e1580000)
  object space 44544K, 33% used [0x00000000a4000000,0x00000000a4e870a8,0x00000000a6b80000)
 Metaspace       used 29577K, capacity 29902K, committed 30208K, reserved 1075200K
  class space    used 3669K, capacity 3746K, committed 3840K, reserved 1048576K
}
Event: 28.155 GC heap before
{Heap before GC invocations=10 (full 1):
 PSYoungGen      total 178688K, used 56546K [0x00000000e1580000, 0x00000000ed300000, 0x0000000100000000)
  eden space 166912K, 26% used [0x00000000e1580000,0x00000000e413bf48,0x00000000eb880000)
  from space 11776K, 99% used [0x00000000ec580000,0x00000000ed0fcae0,0x00000000ed100000)
  to   space 13312K, 0% used [0x00000000eb880000,0x00000000eb880000,0x00000000ec580000)
 ParOldGen       total 44544K, used 14876K [0x00000000a4000000, 0x00000000a6b80000, 0x00000000e1580000)
  object space 44544K, 33% used [0x00000000a4000000,0x00000000a4e870a8,0x00000000a6b80000)
 Metaspace       used 35048K, capacity 35372K, committed 35496K, reserved 1081344K
  class space    used 4422K, capacity 4519K, committed 4520K, reserved 1048576K
Event: 29.308 GC heap after
Heap after GC invocations=10 (full 1):
 PSYoungGen      total 180224K, used 13310K [0x00000000e1580000, 0x00000000f3080000, 0x0000000100000000)
  eden space 166912K, 0% used [0x00000000e1580000,0x00000000e1580000,0x00000000eb880000)
  from space 13312K, 99% used [0x00000000eb880000,0x00000000ec57fa48,0x00000000ec580000)
  to   space 16384K, 0% used [0x00000000f2080000,0x00000000f2080000,0x00000000f3080000)
 ParOldGen       total 44544K, used 17442K [0x00000000a4000000, 0x00000000a6b80000, 0x00000000e1580000)
  object space 44544K, 39% used [0x00000000a4000000,0x00000000a5108b08,0x00000000a6b80000)
 Metaspace       used 35048K, capacity 35372K, committed 35496K, reserved 1081344K
  class space    used 4422K, capacity 4519K, committed 4520K, reserved 1048576K
}
Event: 29.308 GC heap before
{Heap before GC invocations=11 (full 2):
 PSYoungGen      total 180224K, used 13310K [0x00000000e1580000, 0x00000000f3080000, 0x0000000100000000)
  eden space 166912K, 0% used [0x00000000e1580000,0x00000000e1580000,0x00000000eb880000)
  from space 13312K, 99% used [0x00000000eb880000,0x00000000ec57fa48,0x00000000ec580000)
  to   space 16384K, 0% used [0x00000000f2080000,0x00000000f2080000,0x00000000f3080000)
 ParOldGen       total 44544K, used 17442K [0x00000000a4000000, 0x00000000a6b80000, 0x00000000e1580000)
  object space 44544K, 39% used [0x00000000a4000000,0x00000000a5108b08,0x00000000a6b80000)
 Metaspace       used 35048K, capacity 35372K, committed 35496K, reserved 1081344K
  class space    used 4422K, capacity 4519K, committed 4520K, reserved 1048576K
Event: 30.042 GC heap after
Heap after GC invocations=11 (full 2):
 PSYoungGen      total 180224K, used 0K [0x00000000e1580000, 0x00000000f3080000, 0x0000000100000000)
  eden space 166912K, 0% used [0x00000000e1580000,0x00000000e1580000,0x00000000eb880000)
  from space 13312K, 0% used [0x00000000eb880000,0x00000000eb880000,0x00000000ec580000)
  to   space 16384K, 0% used [0x00000000f2080000,0x00000000f2080000,0x00000000f3080000)
 ParOldGen       total 62464K, used 21918K [0x00000000a4000000, 0x00000000a7d00000, 0x00000000e1580000)
  object space 62464K, 35% used [0x00000000a4000000,0x00000000a5567b10,0x00000000a7d00000)
 Metaspace       used 35048K, capacity 35372K, committed 35496K, reserved 1081344K
  class space    used 4422K, capacity 4519K, committed 4520K, reserved 1048576K
}

Deoptimization events (10 events):
Event: 25.735 Thread 0x0000000001d22800 Uncommon trap: reason=unstable_if action=reinterpret pc=0x0000000002b7ca70 method=sun.nio.cs.UTF_8$Decoder.decode([BII[C)I @ 30
Event: 26.605 Thread 0x0000000001d22800 Uncommon trap: reason=unstable_if action=reinterpret pc=0x0000000002fe79a0 method=org.springframework.util.CollectionUtils.isEmpty(Ljava/util/Collection;)Z @ 10
Event: 26.605 Thread 0x0000000001d22800 Uncommon trap: reason=unstable_if action=reinterpret pc=0x0000000002fd9910 method=java.net.URL.<init>(Ljava/net/URL;Ljava/lang/String;Ljava/net/URLStreamHandler;)V @ 57
Event: 26.605 Thread 0x0000000001d22800 Uncommon trap: reason=unstable_if action=reinterpret pc=0x00000000026c8c30 method=java.net.URLStreamHandler.parseURL(Ljava/net/URL;Ljava/lang/String;II)V @ 57
Event: 26.605 Thread 0x0000000001d22800 Uncommon trap: reason=unstable_if action=reinterpret pc=0x0000000002b1fdfc method=java.io.WinNTFileSystem.resolve(Ljava/lang/String;Ljava/lang/String;)Ljava/lang/String; @ 19
Event: 27.661 Thread 0x0000000001d22800 Uncommon trap: reason=bimorphic action=maybe_recompile pc=0x0000000003058bbc method=java.lang.ClassLoader.loadClass(Ljava/lang/String;Z)Ljava/lang/Class; @ 2
Event: 27.661 Thread 0x0000000001d22800 Uncommon trap: reason=unstable_if action=reinterpret pc=0x00000000030544ac method=java.lang.ClassLoader.getClassLoadingLock(Ljava/lang/String;)Ljava/lang/Object; @ 6
Event: 27.664 Thread 0x0000000001d22800 Uncommon trap: reason=bimorphic action=maybe_recompile pc=0x0000000003058bbc method=java.lang.ClassLoader.loadClass(Ljava/lang/String;Z)Ljava/lang/Class; @ 2
Event: 30.109 Thread 0x0000000001d22800 Uncommon trap: reason=class_check action=maybe_recompile pc=0x0000000002649bcc method=java.lang.reflect.Executable.getAnnotation(Ljava/lang/Class;)Ljava/lang/annotation/Annotation; @ 19
Event: 30.171 Thread 0x0000000001d22800 Uncommon trap: reason=bimorphic action=maybe_recompile pc=0x0000000003058bbc method=java.lang.ClassLoader.loadClass(Ljava/lang/String;Z)Ljava/lang/Class; @ 2

Internal exceptions (10 events):
Event: 26.389 Thread 0x0000000001d22800 Exception <a 'java/lang/ClassNotFoundException': org/springframework/context/weaving/LoadTimeWeaverAwareCustomizer> (0x00000000e2b29c50) thrown at [C:\re\workspace\8-2-build-windows-amd64-cygwin\jdk8u131\8869\hotspot\src\share\vm\classfile\systemDictionar
Event: 26.390 Thread 0x0000000001d22800 Exception <a 'java/lang/ClassNotFoundException': org/springframework/beans/factory/FactoryBeanCustomizer> (0x00000000e2b3d930) thrown at [C:\re\workspace\8-2-build-windows-amd64-cygwin\jdk8u131\8869\hotspot\src\share\vm\classfile\systemDictionary.cpp, lin
Event: 26.392 Thread 0x0000000001d22800 Exception <a 'java/lang/ClassNotFoundException': org/springframework/beans/factory/BeanClassLoaderAwareCustomizer> (0x00000000e2b56170) thrown at [C:\re\workspace\8-2-build-windows-amd64-cygwin\jdk8u131\8869\hotspot\src\share\vm\classfile\systemDictionary
Event: 26.393 Thread 0x0000000001d22800 Exception <a 'java/lang/ClassNotFoundException': org/springframework/beans/factory/BeanFactoryAwareCustomizer> (0x00000000e2b6ada0) thrown at [C:\re\workspace\8-2-build-windows-amd64-cygwin\jdk8u131\8869\hotspot\src\share\vm\classfile\systemDictionary.cpp
Event: 26.394 Thread 0x0000000001d22800 Exception <a 'java/lang/ClassNotFoundException': org/springframework/beans/factory/BeanNameAwareCustomizer> (0x00000000e2b7f348) thrown at [C:\re\workspace\8-2-build-windows-amd64-cygwin\jdk8u131\8869\hotspot\src\share\vm\classfile\systemDictionary.cpp, l
Event: 26.402 Thread 0x0000000001d22800 Exception <a 'java/lang/ClassNotFoundException': org/springframework/beans/factory/InitializingBeanCustomizer> (0x00000000e2b93e98) thrown at [C:\re\workspace\8-2-build-windows-amd64-cygwin\jdk8u131\8869\hotspot\src\share\vm\classfile\systemDictionary.cpp
Event: 26.404 Thread 0x0000000001d22800 Exception <a 'java/lang/ClassNotFoundException': org/springframework/beans/factory/DisposableBeanCustomizer> (0x00000000e2ba75e8) thrown at [C:\re\workspace\8-2-build-windows-amd64-cygwin\jdk8u131\8869\hotspot\src\share\vm\classfile\systemDictionary.cpp, 
Event: 26.405 Thread 0x0000000001d22800 Exception <a 'java/lang/ClassNotFoundException': org/springframework/orm/jpa/EntityManagerFactoryInfoCustomizer> (0x00000000e2bbbe98) thrown at [C:\re\workspace\8-2-build-windows-amd64-cygwin\jdk8u131\8869\hotspot\src\share\vm\classfile\systemDictionary.c
Event: 26.406 Thread 0x0000000001d22800 Exception <a 'java/lang/ClassNotFoundException': org/springframework/dao/support/PersistenceExceptionTranslatorCustomizer> (0x00000000e2bdbe20) thrown at [C:\re\workspace\8-2-build-windows-amd64-cygwin\jdk8u131\8869\hotspot\src\share\vm\classfile\systemDi
Event: 26.407 Thread 0x0000000001d22800 Exception <a 'java/lang/ClassNotFoundException': java/io/SerializableCustomizer> (0x00000000e2be38e0) thrown at [C:\re\workspace\8-2-build-windows-amd64-cygwin\jdk8u131\8869\hotspot\src\share\vm\classfile\systemDictionary.cpp, line 210]

Events (10 events):
Event: 30.256 loading class org/hibernate/engine/jdbc/spi/SqlExceptionHelper$1
Event: 30.256 loading class org/hibernate/engine/jdbc/spi/SqlExceptionHelper$1 done
Event: 30.256 loading class org/hibernate/exception/internal/SQLStateConverter$1
Event: 30.256 loading class org/hibernate/exception/internal/SQLStateConverter$1 done
Event: 30.257 loading class org/hibernate/engine/jdbc/spi/SqlExceptionHelper$StandardWarningHandler
Event: 30.257 loading class org/hibernate/engine/jdbc/spi/SqlExceptionHelper$StandardWarningHandler done
Event: 30.258 loading class org/hibernate/engine/jdbc/spi/SqlExceptionHelper$WarningHandlerLoggingSupport
Event: 30.258 loading class org/hibernate/engine/jdbc/spi/SqlExceptionHelper$WarningHandlerLoggingSupport done
Event: 30.258 loading class org/hibernate/engine/jdbc/env/internal/ExtractedDatabaseMetaDataImpl$Builder
Event: 30.258 loading class org/hibernate/engine/jdbc/env/internal/ExtractedDatabaseMetaDataImpl$Builder done


Dynamic libraries:
0x000000013ff80000 - 0x000000013ffb7000 	C:\Program Files\Java\jdk1.8.0_131\bin\java.exe
0x0000000076f20000 - 0x00000000770ca000 	C:\Windows\SYSTEM32\ntdll.dll
0x0000000076d00000 - 0x0000000076e1f000 	C:\Windows\system32\kernel32.dll
0x000007fefcd70000 - 0x000007fefcdda000 	C:\Windows\system32\KERNELBASE.dll
0x000007feff150000 - 0x000007feff22b000 	C:\Windows\system32\ADVAPI32.dll
0x000007fefdc80000 - 0x000007fefdd1f000 	C:\Windows\system32\msvcrt.dll
0x000007fefdc60000 - 0x000007fefdc7f000 	C:\Windows\SYSTEM32\sechost.dll
0x000007fefd860000 - 0x000007fefd98d000 	C:\Windows\system32\RPCRT4.dll
0x0000000076e20000 - 0x0000000076f1a000 	C:\Windows\system32\USER32.dll
0x000007fefdb70000 - 0x000007fefdbd7000 	C:\Windows\system32\GDI32.dll
0x000007fefdf70000 - 0x000007fefdf7e000 	C:\Windows\system32\LPK.dll
0x000007fefd080000 - 0x000007fefd14a000 	C:\Windows\system32\USP10.dll
0x000007fefb770000 - 0x000007fefb964000 	C:\Windows\WinSxS\amd64_microsoft.windows.common-controls_6595b64144ccf1df_6.0.7601.18837_none_fa3b1e3d17594757\COMCTL32.dll
0x000007fefdbe0000 - 0x000007fefdc51000 	C:\Windows\system32\SHLWAPI.dll
0x000007fefd7b0000 - 0x000007fefd7de000 	C:\Windows\system32\IMM32.DLL
0x000007fefde60000 - 0x000007fefdf69000 	C:\Windows\system32\MSCTF.dll
0x0000000073550000 - 0x0000000073622000 	C:\Program Files\Java\jdk1.8.0_131\jre\bin\msvcr100.dll
0x0000000060540000 - 0x0000000060ddc000 	C:\Program Files\Java\jdk1.8.0_131\jre\bin\server\jvm.dll
0x000007fef8c00000 - 0x000007fef8c09000 	C:\Windows\system32\WSOCK32.dll
0x000007fefdf80000 - 0x000007fefdfcd000 	C:\Windows\system32\WS2_32.dll
0x000007fefcfd0000 - 0x000007fefcfd8000 	C:\Windows\system32\NSI.dll
0x000007fefaab0000 - 0x000007fefaaeb000 	C:\Windows\system32\WINMM.dll
0x000007fefc400000 - 0x000007fefc40c000 	C:\Windows\system32\VERSION.dll
0x00000000770f0000 - 0x00000000770f7000 	C:\Windows\system32\PSAPI.DLL
0x0000000074960000 - 0x000000007496f000 	C:\Program Files\Java\jdk1.8.0_131\jre\bin\verify.dll
0x0000000073520000 - 0x0000000073549000 	C:\Program Files\Java\jdk1.8.0_131\jre\bin\java.dll
0x00000000744d0000 - 0x00000000744e6000 	C:\Program Files\Java\jdk1.8.0_131\jre\bin\zip.dll
0x000007fefe3c0000 - 0x000007feff14a000 	C:\Windows\system32\SHELL32.dll
0x000007fefd5b0000 - 0x000007fefd7ac000 	C:\Windows\system32\ole32.dll
0x000007fefcc20000 - 0x000007fefcc2f000 	C:\Windows\system32\profapi.dll
0x0000000074970000 - 0x000000007497d000 	C:\Program Files\Java\jdk1.8.0_131\jre\bin\management.dll
0x0000000073500000 - 0x000000007351a000 	C:\Program Files\Java\jdk1.8.0_131\jre\bin\net.dll
0x000007fefc0a0000 - 0x000007fefc0f5000 	C:\Windows\system32\mswsock.dll
0x000007fefc090000 - 0x000007fefc097000 	C:\Windows\System32\wship6.dll
0x000007fefaaf0000 - 0x000007fefab05000 	C:\Windows\system32\NLAapi.dll
0x000007fef75b0000 - 0x000007fef75c5000 	C:\Windows\system32\napinsp.dll
0x000007fef7560000 - 0x000007fef7579000 	C:\Windows\system32\pnrpnsp.dll
0x000007fefbf20000 - 0x000007fefbf7b000 	C:\Windows\system32\DNSAPI.dll
0x000007fef7480000 - 0x000007fef748b000 	C:\Windows\System32\winrnr.dll
0x000007fef73f0000 - 0x000007fef7400000 	C:\Windows\system32\wshbth.dll
0x000000006ff00000 - 0x000000006ff26000 	C:\Program Files\Bonjour\mdnsNSP.dll
0x000007fefa5b0000 - 0x000007fefa5d7000 	C:\Windows\system32\Iphlpapi.DLL
0x000007fefa580000 - 0x000007fefa58b000 	C:\Windows\system32\WINNSI.DLL
0x000007fefc4d0000 - 0x000007fefc4d7000 	C:\Windows\System32\wshtcpip.dll
0x000007fef73b0000 - 0x000007fef73b8000 	C:\Windows\system32\rasadhlp.dll
0x000007fefa4d0000 - 0x000007fefa523000 	C:\Windows\System32\fwpuclnt.dll
0x00000000734e0000 - 0x00000000734f1000 	C:\Program Files\Java\jdk1.8.0_131\jre\bin\nio.dll
0x000007fefc100000 - 0x000007fefc118000 	C:\Windows\system32\CRYPTSP.dll
0x000007fefbe00000 - 0x000007fefbe47000 	C:\Windows\system32\rsaenh.dll
0x000007fefcd00000 - 0x000007fefcd1e000 	C:\Windows\system32\USERENV.dll
0x000007fefca10000 - 0x000007fefca1f000 	C:\Windows\system32\CRYPTBASE.dll
0x000007fefa420000 - 0x000007fefa438000 	C:\Windows\system32\dhcpcsvc.DLL
0x000007fefa2c0000 - 0x000007fefa2d1000 	C:\Windows\system32\dhcpcsvc6.DLL

VM Arguments:
jvm_args: -Dfile.encoding=windows-1251 -Duser.country=RU -Duser.language=ru -Duser.variant 
java_command: project.salvo.game.SalvoApplication
java_class_path (initial): C:\Users\Anton\IdeaProjects\salvo\src\main\resources;C:\Users\Anton\IdeaProjects\salvo\build\classes\main;C:\Users\Anton\IdeaProjects\salvo\build\resources\main;C:\Users\Anton\.gradle\caches\modules-2\files-2.1\org.springframework.boot\spring-boot-starter-data-jpa\1.5.4.RELEASE\61bafdbd6d31e67b024c432de34a19b35e46c062\spring-boot-starter-data-jpa-1.5.4.RELEASE.jar;C:\Users\Anton\.gradle\caches\modules-2\files-2.1\org.springframework.boot\spring-boot-starter-data-rest\1.5.4.RELEASE\269a7df06a7ed99f0ed8dfded81f2e3705241bde\spring-boot-starter-data-rest-1.5.4.RELEASE.jar;C:\Users\Anton\.gradle\caches\modules-2\files-2.1\org.springframework.boot\spring-boot-starter-web\1.5.4.RELEASE\5d6c554f34b20dffcbdfc7edf9b80956e2dace\spring-boot-starter-web-1.5.4.RELEASE.jar;C:\Users\Anton\.gradle\caches\modules-2\files-2.1\com.h2database\h2\1.4.195\b25cc38f12b977694b8c85848e5bbecb2d88fd96\h2-1.4.195.jar;C:\Users\Anton\.gradle\caches\modules-2\files-2.1\org.springframework.boot\spring-boot-starter\1.5.4.RELEASE\74d5aa641503ddd12833c82cc19b295f9f40e8fa\spring-boot-starter-1.5.4.RELEASE.jar;C:\Users\Anton\.gradle\caches\modules-2\files-2.1\org.springframework.boot\spring-boot-starter-aop\1.5.4.RELEASE\1650672554abd364c728de5ce1aba7c28181968c\spring-boot-starter-aop-1.5.4.RELEASE.jar;C:\Users\Anton\.gradle\caches\modules-2\files-2.1\org.springframework.boot\spring-boot-starter-jdbc\1.5.4.RELEASE\587ab04faeaeb2cbec0adf8fba68ee278d2c8764\spring-boot-starter-jdbc-1.5.4.RELEASE.jar;C:\Users\Anton\.gradle\caches\modules-2\files-2.1\org.hibernate\hibernate-core\5.0.12.Final\e58bf1c660e6706d8e2cbb53bae110f574366102\hibernate-core-5.0.12.Final.jar;C:\Users\Anton\.gradle\caches\modules-2\files-2.1\org.hibernate\hibernate-entitymanager\5.0.12.Final\302a526f5058290e9cbd719a5caf9f248d344719\hibernate-entitymanager-5.0.12.Final.jar;C:\Users\Anton\.gradle\caches\modules-2\files-2.1\javax.transaction\javax.transaction-api\1.2\d81aff979d603edd90dcd8db2abc1f4ce6479e3e\javax
Launcher Type: SUN_STANDARD

Environment Variables:
JAVA_HOME=C:\Program Files\Java\jdk1.8.0_131
PATH=C:\ProgramData\Oracle\Java\javapath;C:\Windows\system32;C:\Windows;C:\Windows\System32\Wbem;C:\Windows\System32\WindowsPowerShell\v1.0\;C:\Program Files (x86)\ATI Technologies\ATI.ACE\Core-Static;C:\Program Files (x86)\Brackets\command;C:\Program Files\nodejs\;C:\Program Files\Git\cmd;C:\Gradle\gradle-4.0\bin;C:\Users\Anton\AppData\Local\Programs\Python\Python36\Scripts\;C:\Users\Anton\AppData\Local\Programs\Python\Python36\;C:\Users\Anton\AppData\Roaming\npm;C:\Program Files\Java\jdk1.8.0_131\bin
USERNAME=Anton
OS=Windows_NT
PROCESSOR_IDENTIFIER=AMD64 Family 16 Model 6 Stepping 3, AuthenticAMD



---------------  S Y S T E M  ---------------

OS: Windows 7 , 64 bit Build 7601 (6.1.7601.23714)

CPU:total 2 (initial active 2) (2 cores per cpu, 1 threads per core) family 16 model 6 stepping 3, cmov, cx8, fxsr, mmx, sse, sse2, sse3, popcnt, mmxext, 3dnowpref, lzcnt, tsc, tscinvbit, tscinv

Memory: 4k page, physical 6024088k(1252492k free), swap 6153300k(3060k free)

vm_info: Java HotSpot(TM) 64-Bit Server VM (25.131-b11) for windows-amd64 JRE (1.8.0_131-b11), built on Mar 15 2017 01:23:53 by "java_re" with MS VC++ 10.0 (VS2010)

time: Fri Jul 21 12:07:49 2017
elapsed time: 30 seconds (0d 0h 0m 30s)

