#
# There is insufficient memory for the Java Runtime Environment to continue.
# Native memory allocation (malloc) failed to allocate 73136 bytes for Chunk::new
# Possible reasons:
#   The system is out of physical RAM or swap space
#   In 32 bit mode, the process size limit was hit
# Possible solutions:
#   Reduce memory load on the system
#   Increase physical memory or swap space
#   Check if swap backing store is full
#   Use 64 bit Java on a 64 bit OS
#   Decrease Java heap size (-Xmx/-Xms)
#   Decrease number of Java threads
#   Decrease Java thread stack sizes (-Xss)
#   Set larger code cache with -XX:ReservedCodeCacheSize=
# This output file may be truncated or incomplete.
#
#  Out of Memory Error (allocation.cpp:390), pid=4340, tid=0x0000000000001bd4
#
# JRE version: Java(TM) SE Runtime Environment (8.0_131-b11) (build 1.8.0_131-b11)
# Java VM: Java HotSpot(TM) 64-Bit Server VM (25.131-b11 mixed mode windows-amd64 compressed oops)
# Failed to write core dump. Minidumps are not enabled by default on client versions of Windows
#

---------------  T H R E A D  ---------------

Current thread (0x0000000054904800):  JavaThread "C2 CompilerThread0" daemon [_thread_in_native, id=7124, stack(0x0000000055a50000,0x0000000055b50000)]

Stack: [0x0000000055a50000,0x0000000055b50000]
[error occurred during error reporting (printing stack bounds), id 0xc0000005]

Native frames: (J=compiled Java code, j=interpreted, Vv=VM code, C=native code)


Current CompileTask:
C2:  75928 6009   !   4       java.io.PrintStream::write (66 bytes)


---------------  P R O C E S S  ---------------

Java Threads: ( => current thread )
  0x000000005759d000 JavaThread "Forward streams with process: command 'C:\Program Files\Java\jdk1.8.0_131\bin\java.exe' Thread 3" [_thread_in_vm, id=2312, stack(0x000000005d6b0000,0x000000005d7b0000)]
  0x000000005759c000 JavaThread "Forward streams with process: command 'C:\Program Files\Java\jdk1.8.0_131\bin\java.exe' Thread 2" [_thread_in_native, id=4408, stack(0x0000000058920000,0x0000000058a20000)]
  0x000000005759b800 JavaThread "Forward streams with process: command 'C:\Program Files\Java\jdk1.8.0_131\bin\java.exe'" [_thread_blocked, id=3192, stack(0x000000005d490000,0x000000005d590000)]
  0x000000005759a800 JavaThread "Run command 'C:\Program Files\Java\jdk1.8.0_131\bin\java.exe'" [_thread_in_native, id=5888, stack(0x000000005d270000,0x000000005d370000)]
  0x0000000057596800 JavaThread "Cache worker for file content cache (C:\Users\Anton\IdeaProjects\salvo\.gradle\3.5.1\fileContent)" [_thread_blocked, id=6732, stack(0x000000005c660000,0x000000005c760000)]
  0x0000000057596000 JavaThread "Cache worker for task history cache (C:\Users\Anton\IdeaProjects\salvo\.gradle\3.5.1\taskHistory)" [_thread_blocked, id=2996, stack(0x000000005c2e0000,0x000000005c3e0000)]
  0x0000000056793800 JavaThread "Memory manager" [_thread_blocked, id=2540, stack(0x000000005c1d0000,0x000000005c2d0000)]
  0x0000000056792800 JavaThread "Cache worker for Artifact transforms cache (C:\Users\Anton\.gradle\caches\transforms-1)" [_thread_blocked, id=5616, stack(0x000000005ac30000,0x000000005ad30000)]
  0x0000000056791000 JavaThread "File lock request listener" [_thread_in_native, id=6052, stack(0x0000000058380000,0x0000000058480000)]
  0x0000000056790800 JavaThread "Cache worker for file hash cache (C:\Users\Anton\.gradle\caches\3.5.1\fileHashes)" [_thread_blocked, id=6820, stack(0x0000000059090000,0x0000000059190000)]
  0x0000000056656000 JavaThread "Asynchronous log dispatcher for DefaultDaemonConnection: socket connection from /127.0.0.1:51541 to /127.0.0.1:51543" [_thread_blocked, id=6300, stack(0x0000000058dc0000,0x0000000058ec0000)]
  0x000000005669e800 JavaThread "Daemon worker" [_thread_blocked, id=6048, stack(0x0000000058c80000,0x0000000058d80000)]
  0x000000005669d000 JavaThread "Cancel handler" [_thread_blocked, id=6656, stack(0x0000000058a80000,0x0000000058b80000)]
  0x0000000057286800 JavaThread "Handler for socket connection from /127.0.0.1:51541 to /127.0.0.1:51543" [_thread_in_native, id=5100, stack(0x0000000056bd0000,0x0000000056cd0000)]
  0x0000000056fc3000 JavaThread "Daemon" [_thread_blocked, id=4536, stack(0x0000000058610000,0x0000000058710000)]
  0x0000000056fc2800 JavaThread "Daemon periodic checks" [_thread_blocked, id=6760, stack(0x00000000584a0000,0x00000000585a0000)]
  0x0000000056f85000 JavaThread "Incoming local TCP Connector on port 51541" [_thread_in_native, id=6876, stack(0x0000000058250000,0x0000000058350000)]
  0x0000000056e98800 JavaThread "Daemon health stats" [_thread_blocked, id=4396, stack(0x0000000057d80000,0x0000000057e80000)]
  0x000000005496f000 JavaThread "Service Thread" daemon [_thread_blocked, id=6620, stack(0x0000000056190000,0x0000000056290000)]
  0x0000000054969800 JavaThread "C1 CompilerThread1" daemon [_thread_in_native, id=6320, stack(0x0000000055c20000,0x0000000055d20000)]
=>0x0000000054904800 JavaThread "C2 CompilerThread0" daemon [_thread_in_native, id=7124, stack(0x0000000055a50000,0x0000000055b50000)]
  0x0000000054903800 JavaThread "Attach Listener" daemon [_thread_blocked, id=1104, stack(0x0000000055650000,0x0000000055750000)]
  0x0000000054912800 JavaThread "Signal Dispatcher" daemon [_thread_blocked, id=5056, stack(0x0000000055900000,0x0000000055a00000)]
  0x00000000548ef800 JavaThread "Finalizer" daemon [_thread_blocked, id=4680, stack(0x0000000055760000,0x0000000055860000)]
  0x00000000548a6000 JavaThread "Reference Handler" daemon [_thread_blocked, id=6424, stack(0x0000000055360000,0x0000000055460000)]
  0x0000000001e5e800 JavaThread "main" [_thread_blocked, id=6444, stack(0x0000000001f40000,0x0000000002040000)]

Other Threads:
  0x000000005489e000 VMThread [stack: 0x00000000554a0000,0x00000000555a0000] [id=6676]
  0x0000000055d2c800 WatcherThread [stack: 0x00000000562d0000,0x00000000563d0000] [id=6348]

VM state:not at safepoint (normal execution)

VM Mutex/Monitor currently owned by a thread: None

Heap:
 PSYoungGen      total 237568K, used 65995K [0x00000000eab00000, 0x00000000fa800000, 0x0000000100000000)
  eden space 222208K, 26% used [0x00000000eab00000,0x00000000ee4988b0,0x00000000f8400000)
  from space 15360K, 45% used [0x00000000f9280000,0x00000000f995a740,0x00000000fa180000)
  to   space 14848K, 0% used [0x00000000f8400000,0x00000000f8400000,0x00000000f9280000)
 ParOldGen       total 74752K, used 17830K [0x00000000c0000000, 0x00000000c4900000, 0x00000000eab00000)
  object space 74752K, 23% used [0x00000000c0000000,0x00000000c1169890,0x00000000c4900000)
 Metaspace       used 41470K, capacity 42086K, committed 42240K, reserved 1085440K
  class space    used 5704K, capacity 5865K, committed 5888K, reserved 1048576K

Card table byte_map: [0x0000000011750000,0x0000000011960000] byte_map_base: 0x0000000011150000

Marking Bits: (ParMarkBitMap*) 0x0000000060d5c720
 Begin Bits: [0x0000000011d70000, 0x0000000012d70000)
 End Bits:   [0x0000000012d70000, 0x0000000013d70000)

Polling page: 0x0000000000220000

CodeCache: size=245760Kb used=17924Kb max_used=18401Kb free=227835Kb
 bounds [0x0000000002390000, 0x00000000035a0000, 0x0000000011390000]
 total_blobs=6266 nmethods=5550 adapters=628
 compilation: enabled

Compilation events (10 events):
Event: 75.074 Thread 0x0000000054969800 nmethod 6005 0x0000000002b5ac10 code [0x0000000002b5ad60, 0x0000000002b5af10]
Event: 75.074 Thread 0x0000000054969800 6006       3       java.util.concurrent.LinkedBlockingDeque$AbstractItr::next (34 bytes)
Event: 75.074 Thread 0x0000000054969800 nmethod 6006 0x0000000002b879d0 code [0x0000000002b87b40, 0x0000000002b87e58]
Event: 75.074 Thread 0x0000000054969800 6007   !   3       java.util.concurrent.LinkedBlockingDeque$AbstractItr::advance (61 bytes)
Event: 75.075 Thread 0x0000000054969800 nmethod 6007 0x0000000002ad7010 code [0x0000000002ad71c0, 0x0000000002ad7918]
Event: 75.141 Thread 0x0000000054904800 6008       4       java.util.concurrent.locks.ReentrantLock::lock (8 bytes)
Event: 75.144 Thread 0x0000000054904800 nmethod 6008 0x0000000002b87550 code [0x0000000002b876a0, 0x0000000002b877f8]
Event: 75.851 Thread 0x0000000054969800 6010       3       org.gradle.internal.logging.text.AbstractLineChoppingStyledTextOutput::doAppend (43 bytes)
Event: 75.851 Thread 0x0000000054904800 6009   !   4       java.io.PrintStream::write (66 bytes)
Event: 75.851 Thread 0x0000000054969800 nmethod 6010 0x0000000002663310 code [0x00000000026634c0, 0x0000000002663928]

GC Heap History (10 events):
Event: 23.348 GC heap before
{Heap before GC invocations=6 (full 1):
 PSYoungGen      total 99840K, used 96256K [0x00000000eab00000, 0x00000000f1000000, 0x0000000100000000)
  eden space 96256K, 100% used [0x00000000eab00000,0x00000000f0900000,0x00000000f0900000)
  from space 3584K, 0% used [0x00000000f0c80000,0x00000000f0c80000,0x00000000f1000000)
  to   space 3584K, 0% used [0x00000000f0900000,0x00000000f0900000,0x00000000f0c80000)
 ParOldGen       total 51200K, used 9263K [0x00000000c0000000, 0x00000000c3200000, 0x00000000eab00000)
  object space 51200K, 18% used [0x00000000c0000000,0x00000000c090bd90,0x00000000c3200000)
 Metaspace       used 28784K, capacity 29240K, committed 29440K, reserved 1075200K
  class space    used 4154K, capacity 4308K, committed 4352K, reserved 1048576K
Event: 23.852 GC heap after
Heap after GC invocations=6 (full 1):
 PSYoungGen      total 99840K, used 3572K [0x00000000eab00000, 0x00000000f5680000, 0x0000000100000000)
  eden space 96256K, 0% used [0x00000000eab00000,0x00000000eab00000,0x00000000f0900000)
  from space 3584K, 99% used [0x00000000f0900000,0x00000000f0c7d010,0x00000000f0c80000)
  to   space 12800K, 0% used [0x00000000f4a00000,0x00000000f4a00000,0x00000000f5680000)
 ParOldGen       total 51200K, used 15500K [0x00000000c0000000, 0x00000000c3200000, 0x00000000eab00000)
  object space 51200K, 30% used [0x00000000c0000000,0x00000000c0f23330,0x00000000c3200000)
 Metaspace       used 28784K, capacity 29240K, committed 29440K, reserved 1075200K
  class space    used 4154K, capacity 4308K, committed 4352K, reserved 1048576K
}
Event: 29.655 GC heap before
{Heap before GC invocations=7 (full 1):
 PSYoungGen      total 99840K, used 99828K [0x00000000eab00000, 0x00000000f5680000, 0x0000000100000000)
  eden space 96256K, 100% used [0x00000000eab00000,0x00000000f0900000,0x00000000f0900000)
  from space 3584K, 99% used [0x00000000f0900000,0x00000000f0c7d010,0x00000000f0c80000)
  to   space 12800K, 0% used [0x00000000f4a00000,0x00000000f4a00000,0x00000000f5680000)
 ParOldGen       total 51200K, used 15500K [0x00000000c0000000, 0x00000000c3200000, 0x00000000eab00000)
  object space 51200K, 30% used [0x00000000c0000000,0x00000000c0f23330,0x00000000c3200000)
 Metaspace       used 34026K, capacity 34640K, committed 35072K, reserved 1079296K
  class space    used 4907K, capacity 5070K, committed 5120K, reserved 1048576K
Event: 29.821 GC heap after
Heap after GC invocations=7 (full 1):
 PSYoungGen      total 160256K, used 11978K [0x00000000eab00000, 0x00000000f5700000, 0x0000000100000000)
  eden space 147456K, 0% used [0x00000000eab00000,0x00000000eab00000,0x00000000f3b00000)
  from space 12800K, 93% used [0x00000000f4a00000,0x00000000f55b28e8,0x00000000f5680000)
  to   space 14336K, 0% used [0x00000000f3b00000,0x00000000f3b00000,0x00000000f4900000)
 ParOldGen       total 51200K, used 15500K [0x00000000c0000000, 0x00000000c3200000, 0x00000000eab00000)
  object space 51200K, 30% used [0x00000000c0000000,0x00000000c0f23330,0x00000000c3200000)
 Metaspace       used 34026K, capacity 34640K, committed 35072K, reserved 1079296K
  class space    used 4907K, capacity 5070K, committed 5120K, reserved 1048576K
}
Event: 33.334 GC heap before
{Heap before GC invocations=8 (full 1):
 PSYoungGen      total 160256K, used 63789K [0x00000000eab00000, 0x00000000f5700000, 0x0000000100000000)
  eden space 147456K, 35% used [0x00000000eab00000,0x00000000edd98bc8,0x00000000f3b00000)
  from space 12800K, 93% used [0x00000000f4a00000,0x00000000f55b28e8,0x00000000f5680000)
  to   space 14336K, 0% used [0x00000000f3b00000,0x00000000f3b00000,0x00000000f4900000)
 ParOldGen       total 51200K, used 15500K [0x00000000c0000000, 0x00000000c3200000, 0x00000000eab00000)
  object space 51200K, 30% used [0x00000000c0000000,0x00000000c0f23330,0x00000000c3200000)
 Metaspace       used 34780K, capacity 35308K, committed 35416K, reserved 1079296K
  class space    used 4957K, capacity 5112K, committed 5120K, reserved 1048576K
Event: 33.433 GC heap after
Heap after GC invocations=8 (full 1):
 PSYoungGen      total 161792K, used 11336K [0x00000000eab00000, 0x00000000fa180000, 0x0000000100000000)
  eden space 147456K, 0% used [0x00000000eab00000,0x00000000eab00000,0x00000000f3b00000)
  from space 14336K, 79% used [0x00000000f3b00000,0x00000000f4612068,0x00000000f4900000)
  to   space 15360K, 0% used [0x00000000f9280000,0x00000000f9280000,0x00000000fa180000)
 ParOldGen       total 51200K, used 15500K [0x00000000c0000000, 0x00000000c3200000, 0x00000000eab00000)
  object space 51200K, 30% used [0x00000000c0000000,0x00000000c0f23330,0x00000000c3200000)
 Metaspace       used 34780K, capacity 35308K, committed 35416K, reserved 1079296K
  class space    used 4957K, capacity 5112K, committed 5120K, reserved 1048576K
}
Event: 33.433 GC heap before
{Heap before GC invocations=9 (full 2):
 PSYoungGen      total 161792K, used 11336K [0x00000000eab00000, 0x00000000fa180000, 0x0000000100000000)
  eden space 147456K, 0% used [0x00000000eab00000,0x00000000eab00000,0x00000000f3b00000)
  from space 14336K, 79% used [0x00000000f3b00000,0x00000000f4612068,0x00000000f4900000)
  to   space 15360K, 0% used [0x00000000f9280000,0x00000000f9280000,0x00000000fa180000)
 ParOldGen       total 51200K, used 15500K [0x00000000c0000000, 0x00000000c3200000, 0x00000000eab00000)
  object space 51200K, 30% used [0x00000000c0000000,0x00000000c0f23330,0x00000000c3200000)
 Metaspace       used 34780K, capacity 35308K, committed 35416K, reserved 1079296K
  class space    used 4957K, capacity 5112K, committed 5120K, reserved 1048576K
Event: 33.771 GC heap after
Heap after GC invocations=9 (full 2):
 PSYoungGen      total 161792K, used 0K [0x00000000eab00000, 0x00000000fa180000, 0x0000000100000000)
  eden space 147456K, 0% used [0x00000000eab00000,0x00000000eab00000,0x00000000f3b00000)
  from space 14336K, 0% used [0x00000000f3b00000,0x00000000f3b00000,0x00000000f4900000)
  to   space 15360K, 0% used [0x00000000f9280000,0x00000000f9280000,0x00000000fa180000)
 ParOldGen       total 74752K, used 17822K [0x00000000c0000000, 0x00000000c4900000, 0x00000000eab00000)
  object space 74752K, 23% used [0x00000000c0000000,0x00000000c1167890,0x00000000c4900000)
 Metaspace       used 34780K, capacity 35308K, committed 35416K, reserved 1079296K
  class space    used 4957K, capacity 5112K, committed 5120K, reserved 1048576K
}
Event: 38.944 GC heap before
{Heap before GC invocations=10 (full 2):
 PSYoungGen      total 161792K, used 147456K [0x00000000eab00000, 0x00000000fa180000, 0x0000000100000000)
  eden space 147456K, 100% used [0x00000000eab00000,0x00000000f3b00000,0x00000000f3b00000)
  from space 14336K, 0% used [0x00000000f3b00000,0x00000000f3b00000,0x00000000f4900000)
  to   space 15360K, 0% used [0x00000000f9280000,0x00000000f9280000,0x00000000fa180000)
 ParOldGen       total 74752K, used 17822K [0x00000000c0000000, 0x00000000c4900000, 0x00000000eab00000)
  object space 74752K, 23% used [0x00000000c0000000,0x00000000c1167890,0x00000000c4900000)
 Metaspace       used 39149K, capacity 39810K, committed 40064K, reserved 1083392K
  class space    used 5483K, capacity 5667K, committed 5760K, reserved 1048576K
Event: 39.036 GC heap after
Heap after GC invocations=10 (full 2):
 PSYoungGen      total 237568K, used 7017K [0x00000000eab00000, 0x00000000fa800000, 0x0000000100000000)
  eden space 222208K, 0% used [0x00000000eab00000,0x00000000eab00000,0x00000000f8400000)
  from space 15360K, 45% used [0x00000000f9280000,0x00000000f995a740,0x00000000fa180000)
  to   space 14848K, 0% used [0x00000000f8400000,0x00000000f8400000,0x00000000f9280000)
 ParOldGen       total 74752K, used 17830K [0x00000000c0000000, 0x00000000c4900000, 0x00000000eab00000)
  object space 74752K, 23% used [0x00000000c0000000,0x00000000c1169890,0x00000000c4900000)
 Metaspace       used 39149K, capacity 39810K, committed 40064K, reserved 1083392K
  class space    used 5483K, capacity 5667K, committed 5760K, reserved 1048576K
}

Deoptimization events (10 events):
Event: 41.410 Thread 0x000000005669e800 Uncommon trap: reason=bimorphic action=maybe_recompile pc=0x00000000033c5948 method=com.sun.tools.javac.code.Type.isCompound()Z @ 14
Event: 41.544 Thread 0x000000005669e800 Uncommon trap: reason=class_check action=maybe_recompile pc=0x0000000002c87394 method=com.google.common.collect.ImmutableList$1.get(I)Ljava/lang/Object; @ 5
Event: 41.545 Thread 0x000000005669e800 Uncommon trap: reason=class_check action=maybe_recompile pc=0x0000000002c87394 method=com.google.common.collect.ImmutableList$1.get(I)Ljava/lang/Object; @ 5
Event: 42.886 Thread 0x000000005669e800 Uncommon trap: reason=bimorphic action=maybe_recompile pc=0x000000000342d488 method=java.util.HashMap.removeNode(ILjava/lang/Object;Ljava/lang/Object;ZZ)Ljava/util/HashMap$Node; @ 283
Event: 42.902 Thread 0x000000005669e800 Uncommon trap: reason=bimorphic action=maybe_recompile pc=0x000000000342d488 method=java.util.HashMap.removeNode(ILjava/lang/Object;Ljava/lang/Object;ZZ)Ljava/util/HashMap$Node; @ 283
Event: 52.533 Thread 0x0000000056656000 Uncommon trap: reason=unstable_if action=reinterpret pc=0x0000000003535ff4 method=com.esotericsoftware.kryo.io.Output.writeString(Ljava/lang/CharSequence;)V @ 83
Event: 72.252 Thread 0x000000005759d000 Uncommon trap: reason=unstable_if action=reinterpret pc=0x000000000272747c method=org.gradle.internal.logging.text.AbstractLineChoppingStyledTextOutput$2.execute(Lorg/gradle/internal/logging/text/AbstractLineChoppingStyledTextOutput$StateContext;)V @ 30
Event: 72.252 Thread 0x000000005759d000 Uncommon trap: reason=unstable_if action=reinterpret pc=0x00000000026f2b64 method=org.gradle.internal.logging.text.AbstractLineChoppingStyledTextOutput$2.execute(Lorg/gradle/internal/logging/text/AbstractLineChoppingStyledTextOutput$StateContext;)V @ 30
Event: 75.142 Thread 0x0000000056fc2800 Uncommon trap: reason=bimorphic action=maybe_recompile pc=0x000000000342d488 method=java.util.HashMap.removeNode(ILjava/lang/Object;Ljava/lang/Object;ZZ)Ljava/util/HashMap$Node; @ 283
Event: 75.142 Thread 0x0000000056fc2800 Uncommon trap: reason=bimorphic action=maybe_recompile pc=0x000000000342d488 method=java.util.HashMap.removeNode(ILjava/lang/Object;Ljava/lang/Object;ZZ)Ljava/util/HashMap$Node; @ 283

Internal exceptions (10 events):
Event: 29.121 Thread 0x000000005669e800 Exception <a 'java/lang/ClassNotFoundException': org/gradle/api/internal/artifacts/configurations/DefaultConfiguration_DecoratedBeanInfo> (0x00000000f01cbdd8) thrown at [C:\re\workspace\8-2-build-windows-amd64-cygwin\jdk8u131\8869\hotspot\src\share\vm\cla
Event: 29.123 Thread 0x000000005669e800 Exception <a 'java/lang/ClassNotFoundException': org/gradle/api/internal/artifacts/configurations/DefaultConfigurationBeanInfo> (0x00000000f01f5998) thrown at [C:\re\workspace\8-2-build-windows-amd64-cygwin\jdk8u131\8869\hotspot\src\share\vm\classfile\sys
Event: 29.127 Thread 0x000000005669e800 Exception <a 'java/lang/ClassNotFoundException': org/gradle/api/internal/artifacts/configurations/DefaultConfigurationCustomizer> (0x00000000f021fd28) thrown at [C:\re\workspace\8-2-build-windows-amd64-cygwin\jdk8u131\8869\hotspot\src\share\vm\classfile\s
Event: 29.137 Thread 0x000000005669e800 Exception <a 'java/lang/ClassNotFoundException': org/gradle/api/internal/artifacts/configurations/DefaultConfiguration_DecoratedCustomizer> (0x00000000f02b0118) thrown at [C:\re\workspace\8-2-build-windows-amd64-cygwin\jdk8u131\8869\hotspot\src\share\vm\c
Event: 31.422 Thread 0x000000005669e800 Implicit null exception at 0x0000000002ed99ff to 0x0000000002edabb9
Event: 39.245 Thread 0x000000005669e800 Exception <a 'java/io/FileNotFoundException'> (0x00000000eb20f1d8) thrown at [C:\re\workspace\8-2-build-windows-amd64-cygwin\jdk8u131\8869\hotspot\src\share\vm\prims\jni.cpp, line 709]
Event: 39.249 Thread 0x000000005669e800 Exception <a 'java/io/FileNotFoundException'> (0x00000000eb242e00) thrown at [C:\re\workspace\8-2-build-windows-amd64-cygwin\jdk8u131\8869\hotspot\src\share\vm\prims\jni.cpp, line 709]
Event: 41.556 Thread 0x000000005669e800 Exception <a 'java/lang/NoSuchMethodError': <clinit>> (0x00000000ed481e70) thrown at [C:\re\workspace\8-2-build-windows-amd64-cygwin\jdk8u131\8869\hotspot\src\share\vm\prims\jni.cpp, line 1613]
Event: 41.567 Thread 0x000000005669e800 Exception <a 'java/lang/NoSuchMethodError': <clinit>> (0x00000000ed49abe0) thrown at [C:\re\workspace\8-2-build-windows-amd64-cygwin\jdk8u131\8869\hotspot\src\share\vm\prims\jni.cpp, line 1613]
Event: 41.568 Thread 0x000000005669e800 Exception <a 'java/lang/NoSuchMethodError': <clinit>> (0x00000000ed49c860) thrown at [C:\re\workspace\8-2-build-windows-amd64-cygwin\jdk8u131\8869\hotspot\src\share\vm\prims\jni.cpp, line 1613]

Events (10 events):
Event: 72.252 Thread 0x000000005759d000 DEOPT UNPACKING pc=0x00000000023d582a sp=0x000000005d7ae6c0 mode 2
Event: 72.252 Thread 0x000000005759d000 Uncommon trap: trap_request=0xffffff65 fr.pc=0x00000000026f2b64
Event: 72.252 Thread 0x000000005759d000 DEOPT PACKING pc=0x00000000026f2b64 sp=0x000000005d7ae810
Event: 72.252 Thread 0x000000005759d000 DEOPT UNPACKING pc=0x00000000023d582a sp=0x000000005d7ae6a8 mode 2
Event: 75.142 Thread 0x0000000056fc2800 Uncommon trap: trap_request=0xffffffc6 fr.pc=0x000000000342d488
Event: 75.142 Thread 0x0000000056fc2800 DEOPT PACKING pc=0x000000000342d488 sp=0x000000005859e6c0
Event: 75.142 Thread 0x0000000056fc2800 DEOPT UNPACKING pc=0x00000000023d582a sp=0x000000005859e5b8 mode 2
Event: 75.142 Thread 0x0000000056fc2800 Uncommon trap: trap_request=0xffffffc6 fr.pc=0x000000000342d488
Event: 75.142 Thread 0x0000000056fc2800 DEOPT PACKING pc=0x000000000342d488 sp=0x000000005859e6c0
Event: 75.142 Thread 0x0000000056fc2800 DEOPT UNPACKING pc=0x00000000023d582a sp=0x000000005859e5b8 mode 2


Dynamic libraries:
0x000000013ff80000 - 0x000000013ffb7000 	C:\Program Files\Java\jdk1.8.0_131\bin\java.exe
0x0000000076f20000 - 0x00000000770ca000 	C:\Windows\SYSTEM32\ntdll.dll
0x0000000076d00000 - 0x0000000076e1f000 	C:\Windows\system32\kernel32.dll
0x000007fefcd70000 - 0x000007fefcdda000 	C:\Windows\system32\KERNELBASE.dll
0x000007feff150000 - 0x000007feff22b000 	C:\Windows\system32\ADVAPI32.dll
0x000007fefdc80000 - 0x000007fefdd1f000 	C:\Windows\system32\msvcrt.dll
0x000007fefdc60000 - 0x000007fefdc7f000 	C:\Windows\SYSTEM32\sechost.dll
0x000007fefd860000 - 0x000007fefd98d000 	C:\Windows\system32\RPCRT4.dll
0x0000000076e20000 - 0x0000000076f1a000 	C:\Windows\system32\USER32.dll
0x000007fefdb70000 - 0x000007fefdbd7000 	C:\Windows\system32\GDI32.dll
0x000007fefdf70000 - 0x000007fefdf7e000 	C:\Windows\system32\LPK.dll
0x000007fefd080000 - 0x000007fefd14a000 	C:\Windows\system32\USP10.dll
0x000007fefb770000 - 0x000007fefb964000 	C:\Windows\WinSxS\amd64_microsoft.windows.common-controls_6595b64144ccf1df_6.0.7601.18837_none_fa3b1e3d17594757\COMCTL32.dll
0x000007fefdbe0000 - 0x000007fefdc51000 	C:\Windows\system32\SHLWAPI.dll
0x000007fefd7b0000 - 0x000007fefd7de000 	C:\Windows\system32\IMM32.DLL
0x000007fefde60000 - 0x000007fefdf69000 	C:\Windows\system32\MSCTF.dll
0x0000000073550000 - 0x0000000073622000 	C:\Program Files\Java\jdk1.8.0_131\jre\bin\msvcr100.dll
0x0000000060540000 - 0x0000000060ddc000 	C:\Program Files\Java\jdk1.8.0_131\jre\bin\server\jvm.dll
0x000007fef8c00000 - 0x000007fef8c09000 	C:\Windows\system32\WSOCK32.dll
0x000007fefdf80000 - 0x000007fefdfcd000 	C:\Windows\system32\WS2_32.dll
0x000007fefcfd0000 - 0x000007fefcfd8000 	C:\Windows\system32\NSI.dll
0x000007fefaab0000 - 0x000007fefaaeb000 	C:\Windows\system32\WINMM.dll
0x000007fefc400000 - 0x000007fefc40c000 	C:\Windows\system32\VERSION.dll
0x00000000770f0000 - 0x00000000770f7000 	C:\Windows\system32\PSAPI.DLL
0x0000000074960000 - 0x000000007496f000 	C:\Program Files\Java\jdk1.8.0_131\jre\bin\verify.dll
0x0000000073520000 - 0x0000000073549000 	C:\Program Files\Java\jdk1.8.0_131\jre\bin\java.dll
0x00000000744d0000 - 0x00000000744e6000 	C:\Program Files\Java\jdk1.8.0_131\jre\bin\zip.dll
0x000007fefe3c0000 - 0x000007feff14a000 	C:\Windows\system32\SHELL32.dll
0x000007fefd5b0000 - 0x000007fefd7ac000 	C:\Windows\system32\ole32.dll
0x000007fefcc20000 - 0x000007fefcc2f000 	C:\Windows\system32\profapi.dll
0x0000000073500000 - 0x000000007351a000 	C:\Program Files\Java\jdk1.8.0_131\jre\bin\net.dll
0x000007fefc0a0000 - 0x000007fefc0f5000 	C:\Windows\system32\mswsock.dll
0x000007fefc090000 - 0x000007fefc097000 	C:\Windows\System32\wship6.dll
0x00000000734e0000 - 0x00000000734f1000 	C:\Program Files\Java\jdk1.8.0_131\jre\bin\nio.dll
0x000007fefc2d0000 - 0x000007fefc2ee000 	C:\Users\Anton\.gradle\native\25\windows-amd64\native-platform.dll
0x000007fefc100000 - 0x000007fefc118000 	C:\Windows\system32\CRYPTSP.dll
0x000007fefbe00000 - 0x000007fefbe47000 	C:\Windows\system32\rsaenh.dll
0x000007fefcd00000 - 0x000007fefcd1e000 	C:\Windows\system32\USERENV.dll
0x000007fefca10000 - 0x000007fefca1f000 	C:\Windows\system32\CRYPTBASE.dll
0x000007fefa5b0000 - 0x000007fefa5d7000 	C:\Windows\system32\IPHLPAPI.DLL
0x000007fefa580000 - 0x000007fefa58b000 	C:\Windows\system32\WINNSI.DLL
0x000007fefa420000 - 0x000007fefa438000 	C:\Windows\system32\dhcpcsvc.DLL
0x000007fefa2c0000 - 0x000007fefa2d1000 	C:\Windows\system32\dhcpcsvc6.DLL
0x0000000074970000 - 0x000000007497d000 	C:\Program Files\Java\jdk1.8.0_131\jre\bin\management.dll
0x000007fefcac0000 - 0x000007fefcb17000 	C:\Windows\system32\apphelp.dll

VM Arguments:
jvm_args: -XX:MaxPermSize=256m -XX:+HeapDumpOnOutOfMemoryError -Xmx1024m -Dfile.encoding=windows-1251 -Duser.country=RU -Duser.language=ru -Duser.variant 
java_command: org.gradle.launcher.daemon.bootstrap.GradleDaemon 3.5.1
java_class_path (initial): C:\Users\Anton\.gradle\wrapper\dists\gradle-3.5.1-bin\5aglzaqc99i3lll5iwkbm96su\gradle-3.5.1\lib\gradle-launcher-3.5.1.jar
Launcher Type: SUN_STANDARD

Environment Variables:
JAVA_HOME=C:\Program Files\Java\jdk1.8.0_131
PATH=C:\ProgramData\Oracle\Java\javapath;C:\Windows\system32;C:\Windows;C:\Windows\System32\Wbem;C:\Windows\System32\WindowsPowerShell\v1.0\;C:\Program Files (x86)\ATI Technologies\ATI.ACE\Core-Static;C:\Program Files (x86)\Brackets\command;C:\Program Files\nodejs\;C:\Program Files\Git\cmd;C:\Gradle\gradle-4.0\bin;C:\Users\Anton\AppData\Local\Programs\Python\Python36\Scripts\;C:\Users\Anton\AppData\Local\Programs\Python\Python36\;C:\Users\Anton\AppData\Roaming\npm;C:\Program Files\Java\jdk1.8.0_131\bin
USERNAME=Anton
OS=Windows_NT
PROCESSOR_IDENTIFIER=AMD64 Family 16 Model 6 Stepping 3, AuthenticAMD



---------------  S Y S T E M  ---------------

OS: Windows 7 , 64 bit Build 7601 (6.1.7601.23714)

CPU:total 2 (initial active 2) (2 cores per cpu, 1 threads per core) family 16 model 6 stepping 3, cmov, cx8, fxsr, mmx, sse, sse2, sse3, popcnt, mmxext, 3dnowpref, lzcnt, tsc, tscinvbit, tscinv

Memory: 4k page, physical 6024088k(1252492k free), swap 6153300k(3068k free)

vm_info: Java HotSpot(TM) 64-Bit Server VM (25.131-b11) for windows-amd64 JRE (1.8.0_131-b11), built on Mar 15 2017 01:23:53 by "java_re" with MS VC++ 10.0 (VS2010)

time: Fri Jul 21 12:07:49 2017
elapsed time: 75 seconds (0d 0h 1m 15s)

